Terminals unused in grammar

   TOK_FIELD
   TOK_ROOT
   TOK_BLOCK
   TOK_CALL
   ROOT
   NUMBER
   IDENT
   TOK_TYPE_ID
   TOK_FUNCTION
   TOK_INDEX
   TOK_PARAM
   '.'
   '!'


Rules useless in parser due to conflicts

   53 dangling: %empty


State 19 conflicts: 2 shift/reduce
State 20 conflicts: 1 shift/reduce, 1 reduce/reduce
State 58 conflicts: 15 shift/reduce
State 67 conflicts: 1 shift/reduce
State 68 conflicts: 1 shift/reduce
State 71 conflicts: 1 shift/reduce
State 116 conflicts: 1 shift/reduce
State 117 conflicts: 1 shift/reduce
State 118 conflicts: 1 shift/reduce
State 119 conflicts: 1 shift/reduce
State 120 conflicts: 1 shift/reduce
State 121 conflicts: 1 shift/reduce
State 123 conflicts: 1 shift/reduce
State 124 conflicts: 1 shift/reduce
State 125 conflicts: 1 shift/reduce
State 126 conflicts: 1 shift/reduce
State 127 conflicts: 1 shift/reduce
State 128 conflicts: 1 shift/reduce
State 129 conflicts: 1 shift/reduce
State 133 conflicts: 1 shift/reduce
State 135 conflicts: 1 shift/reduce
State 153 conflicts: 28 reduce/reduce


Grammar

    0 $accept: start $end

    1 start: program

    2 program: program structdef
    3        | program function
    4        | program statement
    5        | program error '}'
    6        | program error ';'
    7        | %empty

    8 structdef: TOK_STRUCT TOK_IDENT '{' '}'
    9          | TOK_STRUCT TOK_IDENT '{' '}' ';'
   10          | TOK_STRUCT TOK_IDENT typeident '}' ';'
   11          | TOK_STRUCT TOK_IDENT typeident '}'

   12 typeident: typeident type TOK_IDENT ';'
   13          | '{' type TOK_IDENT ';'

   14 type: plaintype
   15     | TOK_ARRAY TOK_LT plaintype TOK_GT

   16 plaintype: TOK_VOID
   17          | TOK_INT
   18          | TOK_STRING
   19          | TOK_BOOL
   20          | TOK_REF
   21          | TOK_CHAR
   22          | TOK_IDENT
   23          | TOK_PTR TOK_LT TOK_STRUCT TOK_IDENT TOK_GT
   24          | TOK_PTR TOK_LT TOK_IDENT TOK_GT

   25 function: type TOK_IDENT funcident ')' block
   26         | type '[' ']' TOK_IDENT '(' ')' block
   27         | type '[' ']' TOK_IDENT funcident ')' block
   28         | type TOK_IDENT '(' ')' block

   29 funcident: funcident ',' type TOK_IDENT
   30          | funcident ',' type '[' ']' TOK_IDENT
   31          | '(' type TOK_IDENT
   32          | '(' type '[' ']' TOK_IDENT

   33 block: optstmt '}'
   34      | optstmt '}' ';'
   35      | '{' '}'
   36      | ';'

   37 optstmt: optstmt statement
   38        | '{' statement

   39 statement: vardecl
   40          | block
   41          | while
   42          | ifelse
   43          | return
   44          | expr ';'

   45 vardecl: type TOK_IDENT ';'
   46        | type TOK_IDENT '=' expr ';'
   47        | type '[' ']' TOK_IDENT '=' expr ';'
   48        | TOK_IDENT '[' expr ']' '=' expr ';'

   49 while: TOK_WHILE '(' expr ')' statement

   50 ifelse: TOK_IF '(' expr ')' statement
   51       | TOK_IF '(' expr ')' statement dangling

   52 dangling: TOK_ELSE statement
   53         | %empty

   54 return: TOK_RETURN ';'
   55       | TOK_RETURN expr ';'

   56 expr: expr '=' expr
   57     | expr '+' expr
   58     | expr '-' expr
   59     | expr '*' expr
   60     | expr '/' expr
   61     | expr '^' expr
   62     | expr '%' expr
   63     | expr TOK_GT expr
   64     | expr TOK_GE expr
   65     | expr TOK_LT expr
   66     | expr TOK_LE expr
   67     | expr TOK_EQ expr
   68     | expr TOK_NE expr
   69     | '+' expr
   70     | '-' expr
   71     | allocator
   72     | call
   73     | '(' expr ')'
   74     | TOK_NOT expr
   75     | TOK_NEW type '[' expr ']'
   76     | variable
   77     | constant

   78 allocator: TOK_ALLOC TOK_LT TOK_STRING TOK_GT '(' expr ')'
   79          | TOK_ALLOC TOK_LT TOK_STRUCT TOK_IDENT TOK_GT '(' ')'
   80          | TOK_ALLOC TOK_LT TOK_ARRAY TOK_LT plaintype TOK_GT TOK_GT '(' expr ')'

   81 call: callexpr ')'
   82     | TOK_IDENT '(' ')'

   83 callexpr: TOK_IDENT '(' expr
   84         | callexpr ',' expr

   85 variable: TOK_IDENT
   86         | expr '[' expr ']'
   87         | expr TOK_ARROW TOK_IDENT

   88 constant: TOK_INTCON
   89         | TOK_CHARCON
   90         | TOK_STRINGCON
   91         | TOK_NOT
   92         | TOK_NULLPTR


Terminals, with rules where they appear

$end (0) 0
'!' (33)
'%' (37) 62
'(' (40) 26 28 31 32 49 50 51 73 78 79 80 82 83
')' (41) 25 26 27 28 49 50 51 73 78 79 80 81 82
'*' (42) 59
'+' (43) 57 69
',' (44) 29 30 84
'-' (45) 58 70
'.' (46)
'/' (47) 60
';' (59) 6 9 10 12 13 34 36 44 45 46 47 48 54 55
'=' (61) 46 47 48 56
'[' (91) 26 27 30 32 47 48 75 86
']' (93) 26 27 30 32 47 48 75 86
'^' (94) 61
'{' (123) 8 9 13 35 38
'}' (125) 5 8 9 10 11 33 34 35
error (256) 5 6
TOK_VOID (258) 16
TOK_INT (259) 17
TOK_STRING (260) 18 78
TOK_BOOL (261) 19
TOK_REF (262) 20
TOK_CHAR (263) 21
TOK_IF (264) 50 51
TOK_ELSE (265) 52
TOK_WHILE (266) 49
TOK_RETURN (267) 54 55
TOK_STRUCT (268) 8 9 10 11 23 79
TOK_FIELD (269)
TOK_NULLPTR (270) 92
TOK_ARRAY (271) 15 80
TOK_ARROW (272) 87
TOK_ALLOC (273) 78 79 80
TOK_PTR (274) 23 24
TOK_EQ (275) 67
TOK_NE (276) 68
TOK_LT (277) 15 23 24 65 78 79 80
TOK_LE (278) 66
TOK_GT (279) 15 23 24 63 78 79 80
TOK_GE (280) 64
TOK_NOT (281) 74 91
TOK_IDENT (282) 8 9 10 11 12 13 22 23 24 25 26 27 28 29 30 31 32 45
    46 47 48 79 82 83 85 87
TOK_INTCON (283) 88
TOK_CHARCON (284) 89
TOK_STRINGCON (285) 90
TOK_ROOT (286)
TOK_BLOCK (287)
TOK_CALL (288)
TOK_NEW (289) 75
ROOT (290)
NUMBER (291)
IDENT (292)
TOK_TYPE_ID (293)
TOK_FUNCTION (294)
TOK_INDEX (295)
TOK_PARAM (296)
POS (297)
NEG (298)


Nonterminals, with rules where they appear

$accept (61)
    on left: 0
start (62)
    on left: 1, on right: 0
program (63)
    on left: 2 3 4 5 6 7, on right: 1 2 3 4 5 6
structdef (64)
    on left: 8 9 10 11, on right: 2
typeident (65)
    on left: 12 13, on right: 10 11 12
type (66)
    on left: 14 15, on right: 12 13 25 26 27 28 29 30 31 32 45 46 47
    75
plaintype (67)
    on left: 16 17 18 19 20 21 22 23 24, on right: 14 15 80
function (68)
    on left: 25 26 27 28, on right: 3
funcident (69)
    on left: 29 30 31 32, on right: 25 27 29 30
block (70)
    on left: 33 34 35 36, on right: 25 26 27 28 40
optstmt (71)
    on left: 37 38, on right: 33 34 37
statement (72)
    on left: 39 40 41 42 43 44, on right: 4 37 38 49 50 51 52
vardecl (73)
    on left: 45 46 47 48, on right: 39
while (74)
    on left: 49, on right: 41
ifelse (75)
    on left: 50 51, on right: 42
dangling (76)
    on left: 52 53, on right: 51
return (77)
    on left: 54 55, on right: 43
expr (78)
    on left: 56 57 58 59 60 61 62 63 64 65 66 67 68 69 70 71 72 73
    74 75 76 77, on right: 44 46 47 48 49 50 51 55 56 57 58 59 60 61
    62 63 64 65 66 67 68 69 70 73 74 75 78 80 83 84 86 87
allocator (79)
    on left: 78 79 80, on right: 71
call (80)
    on left: 81 82, on right: 72
callexpr (81)
    on left: 83 84, on right: 81 84
variable (82)
    on left: 85 86 87, on right: 76
constant (83)
    on left: 88 89 90 91 92, on right: 77


State 0

    0 $accept: . start $end

    $default  reduce using rule 7 (program)

    start    go to state 1
    program  go to state 2


State 1

    0 $accept: start . $end

    $end  shift, and go to state 3


State 2

    1 start: program .
    2 program: program . structdef
    3        | program . function
    4        | program . statement
    5        | program . error '}'
    6        | program . error ';'

    error          shift, and go to state 4
    TOK_VOID       shift, and go to state 5
    TOK_INT        shift, and go to state 6
    TOK_STRING     shift, and go to state 7
    TOK_BOOL       shift, and go to state 8
    TOK_REF        shift, and go to state 9
    TOK_CHAR       shift, and go to state 10
    TOK_IF         shift, and go to state 11
    TOK_WHILE      shift, and go to state 12
    TOK_RETURN     shift, and go to state 13
    TOK_STRUCT     shift, and go to state 14
    TOK_NULLPTR    shift, and go to state 15
    TOK_ARRAY      shift, and go to state 16
    TOK_ALLOC      shift, and go to state 17
    TOK_PTR        shift, and go to state 18
    TOK_NOT        shift, and go to state 19
    TOK_IDENT      shift, and go to state 20
    TOK_INTCON     shift, and go to state 21
    TOK_CHARCON    shift, and go to state 22
    TOK_STRINGCON  shift, and go to state 23
    TOK_NEW        shift, and go to state 24
    '('            shift, and go to state 25
    '{'            shift, and go to state 26
    ';'            shift, and go to state 27
    '+'            shift, and go to state 28
    '-'            shift, and go to state 29

    $end  reduce using rule 1 (start)

    structdef  go to state 30
    type       go to state 31
    plaintype  go to state 32
    function   go to state 33
    block      go to state 34
    optstmt    go to state 35
    statement  go to state 36
    vardecl    go to state 37
    while      go to state 38
    ifelse     go to state 39
    return     go to state 40
    expr       go to state 41
    allocator  go to state 42
    call       go to state 43
    callexpr   go to state 44
    variable   go to state 45
    constant   go to state 46


State 3

    0 $accept: start $end .

    $default  accept


State 4

    5 program: program error . '}'
    6        | program error . ';'

    '}'  shift, and go to state 47
    ';'  shift, and go to state 48


State 5

   16 plaintype: TOK_VOID .

    $default  reduce using rule 16 (plaintype)


State 6

   17 plaintype: TOK_INT .

    $default  reduce using rule 17 (plaintype)


State 7

   18 plaintype: TOK_STRING .

    $default  reduce using rule 18 (plaintype)


State 8

   19 plaintype: TOK_BOOL .

    $default  reduce using rule 19 (plaintype)


State 9

   20 plaintype: TOK_REF .

    $default  reduce using rule 20 (plaintype)


State 10

   21 plaintype: TOK_CHAR .

    $default  reduce using rule 21 (plaintype)


State 11

   50 ifelse: TOK_IF . '(' expr ')' statement
   51       | TOK_IF . '(' expr ')' statement dangling

    '('  shift, and go to state 49


State 12

   49 while: TOK_WHILE . '(' expr ')' statement

    '('  shift, and go to state 50


State 13

   54 return: TOK_RETURN . ';'
   55       | TOK_RETURN . expr ';'

    TOK_NULLPTR    shift, and go to state 15
    TOK_ALLOC      shift, and go to state 17
    TOK_NOT        shift, and go to state 19
    TOK_IDENT      shift, and go to state 51
    TOK_INTCON     shift, and go to state 21
    TOK_CHARCON    shift, and go to state 22
    TOK_STRINGCON  shift, and go to state 23
    TOK_NEW        shift, and go to state 24
    '('            shift, and go to state 25
    ';'            shift, and go to state 52
    '+'            shift, and go to state 28
    '-'            shift, and go to state 29

    expr       go to state 53
    allocator  go to state 42
    call       go to state 43
    callexpr   go to state 44
    variable   go to state 45
    constant   go to state 46


State 14

    8 structdef: TOK_STRUCT . TOK_IDENT '{' '}'
    9          | TOK_STRUCT . TOK_IDENT '{' '}' ';'
   10          | TOK_STRUCT . TOK_IDENT typeident '}' ';'
   11          | TOK_STRUCT . TOK_IDENT typeident '}'

    TOK_IDENT  shift, and go to state 54


State 15

   92 constant: TOK_NULLPTR .

    $default  reduce using rule 92 (constant)


State 16

   15 type: TOK_ARRAY . TOK_LT plaintype TOK_GT

    TOK_LT  shift, and go to state 55


State 17

   78 allocator: TOK_ALLOC . TOK_LT TOK_STRING TOK_GT '(' expr ')'
   79          | TOK_ALLOC . TOK_LT TOK_STRUCT TOK_IDENT TOK_GT '(' ')'
   80          | TOK_ALLOC . TOK_LT TOK_ARRAY TOK_LT plaintype TOK_GT TOK_GT '(' expr ')'

    TOK_LT  shift, and go to state 56


State 18

   23 plaintype: TOK_PTR . TOK_LT TOK_STRUCT TOK_IDENT TOK_GT
   24          | TOK_PTR . TOK_LT TOK_IDENT TOK_GT

    TOK_LT  shift, and go to state 57


State 19

   74 expr: TOK_NOT . expr
   91 constant: TOK_NOT .

    TOK_NULLPTR    shift, and go to state 15
    TOK_ALLOC      shift, and go to state 17
    TOK_NOT        shift, and go to state 19
    TOK_IDENT      shift, and go to state 51
    TOK_INTCON     shift, and go to state 21
    TOK_CHARCON    shift, and go to state 22
    TOK_STRINGCON  shift, and go to state 23
    TOK_NEW        shift, and go to state 24
    '('            shift, and go to state 25
    '+'            shift, and go to state 28
    '-'            shift, and go to state 29

    '+'       [reduce using rule 91 (constant)]
    '-'       [reduce using rule 91 (constant)]
    $default  reduce using rule 91 (constant)

    expr       go to state 58
    allocator  go to state 42
    call       go to state 43
    callexpr   go to state 44
    variable   go to state 45
    constant   go to state 46


State 20

   22 plaintype: TOK_IDENT .
   48 vardecl: TOK_IDENT . '[' expr ']' '=' expr ';'
   82 call: TOK_IDENT . '(' ')'
   83 callexpr: TOK_IDENT . '(' expr
   85 variable: TOK_IDENT .

    '('  shift, and go to state 59
    '['  shift, and go to state 60

    TOK_IDENT  reduce using rule 22 (plaintype)
    '['        [reduce using rule 22 (plaintype)]
    '['        [reduce using rule 85 (variable)]
    $default   reduce using rule 85 (variable)


State 21

   88 constant: TOK_INTCON .

    $default  reduce using rule 88 (constant)


State 22

   89 constant: TOK_CHARCON .

    $default  reduce using rule 89 (constant)


State 23

   90 constant: TOK_STRINGCON .

    $default  reduce using rule 90 (constant)


State 24

   75 expr: TOK_NEW . type '[' expr ']'

    TOK_VOID    shift, and go to state 5
    TOK_INT     shift, and go to state 6
    TOK_STRING  shift, and go to state 7
    TOK_BOOL    shift, and go to state 8
    TOK_REF     shift, and go to state 9
    TOK_CHAR    shift, and go to state 10
    TOK_ARRAY   shift, and go to state 16
    TOK_PTR     shift, and go to state 18
    TOK_IDENT   shift, and go to state 61

    type       go to state 62
    plaintype  go to state 32


State 25

   73 expr: '(' . expr ')'

    TOK_NULLPTR    shift, and go to state 15
    TOK_ALLOC      shift, and go to state 17
    TOK_NOT        shift, and go to state 19
    TOK_IDENT      shift, and go to state 51
    TOK_INTCON     shift, and go to state 21
    TOK_CHARCON    shift, and go to state 22
    TOK_STRINGCON  shift, and go to state 23
    TOK_NEW        shift, and go to state 24
    '('            shift, and go to state 25
    '+'            shift, and go to state 28
    '-'            shift, and go to state 29

    expr       go to state 63
    allocator  go to state 42
    call       go to state 43
    callexpr   go to state 44
    variable   go to state 45
    constant   go to state 46


State 26

   35 block: '{' . '}'
   38 optstmt: '{' . statement

    TOK_VOID       shift, and go to state 5
    TOK_INT        shift, and go to state 6
    TOK_STRING     shift, and go to state 7
    TOK_BOOL       shift, and go to state 8
    TOK_REF        shift, and go to state 9
    TOK_CHAR       shift, and go to state 10
    TOK_IF         shift, and go to state 11
    TOK_WHILE      shift, and go to state 12
    TOK_RETURN     shift, and go to state 13
    TOK_NULLPTR    shift, and go to state 15
    TOK_ARRAY      shift, and go to state 16
    TOK_ALLOC      shift, and go to state 17
    TOK_PTR        shift, and go to state 18
    TOK_NOT        shift, and go to state 19
    TOK_IDENT      shift, and go to state 20
    TOK_INTCON     shift, and go to state 21
    TOK_CHARCON    shift, and go to state 22
    TOK_STRINGCON  shift, and go to state 23
    TOK_NEW        shift, and go to state 24
    '('            shift, and go to state 25
    '{'            shift, and go to state 26
    '}'            shift, and go to state 64
    ';'            shift, and go to state 27
    '+'            shift, and go to state 28
    '-'            shift, and go to state 29

    type       go to state 65
    plaintype  go to state 32
    block      go to state 34
    optstmt    go to state 35
    statement  go to state 66
    vardecl    go to state 37
    while      go to state 38
    ifelse     go to state 39
    return     go to state 40
    expr       go to state 41
    allocator  go to state 42
    call       go to state 43
    callexpr   go to state 44
    variable   go to state 45
    constant   go to state 46


State 27

   36 block: ';' .

    $default  reduce using rule 36 (block)


State 28

   69 expr: '+' . expr

    TOK_NULLPTR    shift, and go to state 15
    TOK_ALLOC      shift, and go to state 17
    TOK_NOT        shift, and go to state 19
    TOK_IDENT      shift, and go to state 51
    TOK_INTCON     shift, and go to state 21
    TOK_CHARCON    shift, and go to state 22
    TOK_STRINGCON  shift, and go to state 23
    TOK_NEW        shift, and go to state 24
    '('            shift, and go to state 25
    '+'            shift, and go to state 28
    '-'            shift, and go to state 29

    expr       go to state 67
    allocator  go to state 42
    call       go to state 43
    callexpr   go to state 44
    variable   go to state 45
    constant   go to state 46


State 29

   70 expr: '-' . expr

    TOK_NULLPTR    shift, and go to state 15
    TOK_ALLOC      shift, and go to state 17
    TOK_NOT        shift, and go to state 19
    TOK_IDENT      shift, and go to state 51
    TOK_INTCON     shift, and go to state 21
    TOK_CHARCON    shift, and go to state 22
    TOK_STRINGCON  shift, and go to state 23
    TOK_NEW        shift, and go to state 24
    '('            shift, and go to state 25
    '+'            shift, and go to state 28
    '-'            shift, and go to state 29

    expr       go to state 68
    allocator  go to state 42
    call       go to state 43
    callexpr   go to state 44
    variable   go to state 45
    constant   go to state 46


State 30

    2 program: program structdef .

    $default  reduce using rule 2 (program)


State 31

   25 function: type . TOK_IDENT funcident ')' block
   26         | type . '[' ']' TOK_IDENT '(' ')' block
   27         | type . '[' ']' TOK_IDENT funcident ')' block
   28         | type . TOK_IDENT '(' ')' block
   45 vardecl: type . TOK_IDENT ';'
   46        | type . TOK_IDENT '=' expr ';'
   47        | type . '[' ']' TOK_IDENT '=' expr ';'

    TOK_IDENT  shift, and go to state 69
    '['        shift, and go to state 70


State 32

   14 type: plaintype .

    $default  reduce using rule 14 (type)


State 33

    3 program: program function .

    $default  reduce using rule 3 (program)


State 34

   40 statement: block .

    $default  reduce using rule 40 (statement)


State 35

   33 block: optstmt . '}'
   34      | optstmt . '}' ';'
   37 optstmt: optstmt . statement

    TOK_VOID       shift, and go to state 5
    TOK_INT        shift, and go to state 6
    TOK_STRING     shift, and go to state 7
    TOK_BOOL       shift, and go to state 8
    TOK_REF        shift, and go to state 9
    TOK_CHAR       shift, and go to state 10
    TOK_IF         shift, and go to state 11
    TOK_WHILE      shift, and go to state 12
    TOK_RETURN     shift, and go to state 13
    TOK_NULLPTR    shift, and go to state 15
    TOK_ARRAY      shift, and go to state 16
    TOK_ALLOC      shift, and go to state 17
    TOK_PTR        shift, and go to state 18
    TOK_NOT        shift, and go to state 19
    TOK_IDENT      shift, and go to state 20
    TOK_INTCON     shift, and go to state 21
    TOK_CHARCON    shift, and go to state 22
    TOK_STRINGCON  shift, and go to state 23
    TOK_NEW        shift, and go to state 24
    '('            shift, and go to state 25
    '{'            shift, and go to state 26
    '}'            shift, and go to state 71
    ';'            shift, and go to state 27
    '+'            shift, and go to state 28
    '-'            shift, and go to state 29

    type       go to state 65
    plaintype  go to state 32
    block      go to state 34
    optstmt    go to state 35
    statement  go to state 72
    vardecl    go to state 37
    while      go to state 38
    ifelse     go to state 39
    return     go to state 40
    expr       go to state 41
    allocator  go to state 42
    call       go to state 43
    callexpr   go to state 44
    variable   go to state 45
    constant   go to state 46


State 36

    4 program: program statement .

    $default  reduce using rule 4 (program)


State 37

   39 statement: vardecl .

    $default  reduce using rule 39 (statement)


State 38

   41 statement: while .

    $default  reduce using rule 41 (statement)


State 39

   42 statement: ifelse .

    $default  reduce using rule 42 (statement)


State 40

   43 statement: return .

    $default  reduce using rule 43 (statement)


State 41

   44 statement: expr . ';'
   56 expr: expr . '=' expr
   57     | expr . '+' expr
   58     | expr . '-' expr
   59     | expr . '*' expr
   60     | expr . '/' expr
   61     | expr . '^' expr
   62     | expr . '%' expr
   63     | expr . TOK_GT expr
   64     | expr . TOK_GE expr
   65     | expr . TOK_LT expr
   66     | expr . TOK_LE expr
   67     | expr . TOK_EQ expr
   68     | expr . TOK_NE expr
   86 variable: expr . '[' expr ']'
   87         | expr . TOK_ARROW TOK_IDENT

    TOK_ARROW  shift, and go to state 73
    TOK_EQ     shift, and go to state 74
    TOK_NE     shift, and go to state 75
    TOK_LT     shift, and go to state 76
    TOK_LE     shift, and go to state 77
    TOK_GT     shift, and go to state 78
    TOK_GE     shift, and go to state 79
    '['        shift, and go to state 80
    ';'        shift, and go to state 81
    '='        shift, and go to state 82
    '+'        shift, and go to state 83
    '-'        shift, and go to state 84
    '*'        shift, and go to state 85
    '/'        shift, and go to state 86
    '%'        shift, and go to state 87
    '^'        shift, and go to state 88


State 42

   71 expr: allocator .

    $default  reduce using rule 71 (expr)


State 43

   72 expr: call .

    $default  reduce using rule 72 (expr)


State 44

   81 call: callexpr . ')'
   84 callexpr: callexpr . ',' expr

    ')'  shift, and go to state 89
    ','  shift, and go to state 90


State 45

   76 expr: variable .

    $default  reduce using rule 76 (expr)


State 46

   77 expr: constant .

    $default  reduce using rule 77 (expr)


State 47

    5 program: program error '}' .

    $default  reduce using rule 5 (program)


State 48

    6 program: program error ';' .

    $default  reduce using rule 6 (program)


State 49

   50 ifelse: TOK_IF '(' . expr ')' statement
   51       | TOK_IF '(' . expr ')' statement dangling

    TOK_NULLPTR    shift, and go to state 15
    TOK_ALLOC      shift, and go to state 17
    TOK_NOT        shift, and go to state 19
    TOK_IDENT      shift, and go to state 51
    TOK_INTCON     shift, and go to state 21
    TOK_CHARCON    shift, and go to state 22
    TOK_STRINGCON  shift, and go to state 23
    TOK_NEW        shift, and go to state 24
    '('            shift, and go to state 25
    '+'            shift, and go to state 28
    '-'            shift, and go to state 29

    expr       go to state 91
    allocator  go to state 42
    call       go to state 43
    callexpr   go to state 44
    variable   go to state 45
    constant   go to state 46


State 50

   49 while: TOK_WHILE '(' . expr ')' statement

    TOK_NULLPTR    shift, and go to state 15
    TOK_ALLOC      shift, and go to state 17
    TOK_NOT        shift, and go to state 19
    TOK_IDENT      shift, and go to state 51
    TOK_INTCON     shift, and go to state 21
    TOK_CHARCON    shift, and go to state 22
    TOK_STRINGCON  shift, and go to state 23
    TOK_NEW        shift, and go to state 24
    '('            shift, and go to state 25
    '+'            shift, and go to state 28
    '-'            shift, and go to state 29

    expr       go to state 92
    allocator  go to state 42
    call       go to state 43
    callexpr   go to state 44
    variable   go to state 45
    constant   go to state 46


State 51

   82 call: TOK_IDENT . '(' ')'
   83 callexpr: TOK_IDENT . '(' expr
   85 variable: TOK_IDENT .

    '('  shift, and go to state 59

    $default  reduce using rule 85 (variable)


State 52

   54 return: TOK_RETURN ';' .

    $default  reduce using rule 54 (return)


State 53

   55 return: TOK_RETURN expr . ';'
   56 expr: expr . '=' expr
   57     | expr . '+' expr
   58     | expr . '-' expr
   59     | expr . '*' expr
   60     | expr . '/' expr
   61     | expr . '^' expr
   62     | expr . '%' expr
   63     | expr . TOK_GT expr
   64     | expr . TOK_GE expr
   65     | expr . TOK_LT expr
   66     | expr . TOK_LE expr
   67     | expr . TOK_EQ expr
   68     | expr . TOK_NE expr
   86 variable: expr . '[' expr ']'
   87         | expr . TOK_ARROW TOK_IDENT

    TOK_ARROW  shift, and go to state 73
    TOK_EQ     shift, and go to state 74
    TOK_NE     shift, and go to state 75
    TOK_LT     shift, and go to state 76
    TOK_LE     shift, and go to state 77
    TOK_GT     shift, and go to state 78
    TOK_GE     shift, and go to state 79
    '['        shift, and go to state 80
    ';'        shift, and go to state 93
    '='        shift, and go to state 82
    '+'        shift, and go to state 83
    '-'        shift, and go to state 84
    '*'        shift, and go to state 85
    '/'        shift, and go to state 86
    '%'        shift, and go to state 87
    '^'        shift, and go to state 88


State 54

    8 structdef: TOK_STRUCT TOK_IDENT . '{' '}'
    9          | TOK_STRUCT TOK_IDENT . '{' '}' ';'
   10          | TOK_STRUCT TOK_IDENT . typeident '}' ';'
   11          | TOK_STRUCT TOK_IDENT . typeident '}'

    '{'  shift, and go to state 94

    typeident  go to state 95


State 55

   15 type: TOK_ARRAY TOK_LT . plaintype TOK_GT

    TOK_VOID    shift, and go to state 5
    TOK_INT     shift, and go to state 6
    TOK_STRING  shift, and go to state 7
    TOK_BOOL    shift, and go to state 8
    TOK_REF     shift, and go to state 9
    TOK_CHAR    shift, and go to state 10
    TOK_PTR     shift, and go to state 18
    TOK_IDENT   shift, and go to state 61

    plaintype  go to state 96


State 56

   78 allocator: TOK_ALLOC TOK_LT . TOK_STRING TOK_GT '(' expr ')'
   79          | TOK_ALLOC TOK_LT . TOK_STRUCT TOK_IDENT TOK_GT '(' ')'
   80          | TOK_ALLOC TOK_LT . TOK_ARRAY TOK_LT plaintype TOK_GT TOK_GT '(' expr ')'

    TOK_STRING  shift, and go to state 97
    TOK_STRUCT  shift, and go to state 98
    TOK_ARRAY   shift, and go to state 99


State 57

   23 plaintype: TOK_PTR TOK_LT . TOK_STRUCT TOK_IDENT TOK_GT
   24          | TOK_PTR TOK_LT . TOK_IDENT TOK_GT

    TOK_STRUCT  shift, and go to state 100
    TOK_IDENT   shift, and go to state 101


State 58

   56 expr: expr . '=' expr
   57     | expr . '+' expr
   58     | expr . '-' expr
   59     | expr . '*' expr
   60     | expr . '/' expr
   61     | expr . '^' expr
   62     | expr . '%' expr
   63     | expr . TOK_GT expr
   64     | expr . TOK_GE expr
   65     | expr . TOK_LT expr
   66     | expr . TOK_LE expr
   67     | expr . TOK_EQ expr
   68     | expr . TOK_NE expr
   74     | TOK_NOT expr .
   86 variable: expr . '[' expr ']'
   87         | expr . TOK_ARROW TOK_IDENT

    TOK_ARROW  shift, and go to state 73
    TOK_EQ     shift, and go to state 74
    TOK_NE     shift, and go to state 75
    TOK_LT     shift, and go to state 76
    TOK_LE     shift, and go to state 77
    TOK_GT     shift, and go to state 78
    TOK_GE     shift, and go to state 79
    '['        shift, and go to state 80
    '='        shift, and go to state 82
    '+'        shift, and go to state 83
    '-'        shift, and go to state 84
    '*'        shift, and go to state 85
    '/'        shift, and go to state 86
    '%'        shift, and go to state 87
    '^'        shift, and go to state 88

    TOK_ARROW  [reduce using rule 74 (expr)]
    TOK_EQ     [reduce using rule 74 (expr)]
    TOK_NE     [reduce using rule 74 (expr)]
    TOK_LT     [reduce using rule 74 (expr)]
    TOK_LE     [reduce using rule 74 (expr)]
    TOK_GT     [reduce using rule 74 (expr)]
    TOK_GE     [reduce using rule 74 (expr)]
    '['        [reduce using rule 74 (expr)]
    '='        [reduce using rule 74 (expr)]
    '+'        [reduce using rule 74 (expr)]
    '-'        [reduce using rule 74 (expr)]
    '*'        [reduce using rule 74 (expr)]
    '/'        [reduce using rule 74 (expr)]
    '%'        [reduce using rule 74 (expr)]
    '^'        [reduce using rule 74 (expr)]
    $default   reduce using rule 74 (expr)


State 59

   82 call: TOK_IDENT '(' . ')'
   83 callexpr: TOK_IDENT '(' . expr

    TOK_NULLPTR    shift, and go to state 15
    TOK_ALLOC      shift, and go to state 17
    TOK_NOT        shift, and go to state 19
    TOK_IDENT      shift, and go to state 51
    TOK_INTCON     shift, and go to state 21
    TOK_CHARCON    shift, and go to state 22
    TOK_STRINGCON  shift, and go to state 23
    TOK_NEW        shift, and go to state 24
    '('            shift, and go to state 25
    ')'            shift, and go to state 102
    '+'            shift, and go to state 28
    '-'            shift, and go to state 29

    expr       go to state 103
    allocator  go to state 42
    call       go to state 43
    callexpr   go to state 44
    variable   go to state 45
    constant   go to state 46


State 60

   48 vardecl: TOK_IDENT '[' . expr ']' '=' expr ';'

    TOK_NULLPTR    shift, and go to state 15
    TOK_ALLOC      shift, and go to state 17
    TOK_NOT        shift, and go to state 19
    TOK_IDENT      shift, and go to state 51
    TOK_INTCON     shift, and go to state 21
    TOK_CHARCON    shift, and go to state 22
    TOK_STRINGCON  shift, and go to state 23
    TOK_NEW        shift, and go to state 24
    '('            shift, and go to state 25
    '+'            shift, and go to state 28
    '-'            shift, and go to state 29

    expr       go to state 104
    allocator  go to state 42
    call       go to state 43
    callexpr   go to state 44
    variable   go to state 45
    constant   go to state 46


State 61

   22 plaintype: TOK_IDENT .

    $default  reduce using rule 22 (plaintype)


State 62

   75 expr: TOK_NEW type . '[' expr ']'

    '['  shift, and go to state 105


State 63

   56 expr: expr . '=' expr
   57     | expr . '+' expr
   58     | expr . '-' expr
   59     | expr . '*' expr
   60     | expr . '/' expr
   61     | expr . '^' expr
   62     | expr . '%' expr
   63     | expr . TOK_GT expr
   64     | expr . TOK_GE expr
   65     | expr . TOK_LT expr
   66     | expr . TOK_LE expr
   67     | expr . TOK_EQ expr
   68     | expr . TOK_NE expr
   73     | '(' expr . ')'
   86 variable: expr . '[' expr ']'
   87         | expr . TOK_ARROW TOK_IDENT

    TOK_ARROW  shift, and go to state 73
    TOK_EQ     shift, and go to state 74
    TOK_NE     shift, and go to state 75
    TOK_LT     shift, and go to state 76
    TOK_LE     shift, and go to state 77
    TOK_GT     shift, and go to state 78
    TOK_GE     shift, and go to state 79
    ')'        shift, and go to state 106
    '['        shift, and go to state 80
    '='        shift, and go to state 82
    '+'        shift, and go to state 83
    '-'        shift, and go to state 84
    '*'        shift, and go to state 85
    '/'        shift, and go to state 86
    '%'        shift, and go to state 87
    '^'        shift, and go to state 88


State 64

   35 block: '{' '}' .

    $default  reduce using rule 35 (block)


State 65

   45 vardecl: type . TOK_IDENT ';'
   46        | type . TOK_IDENT '=' expr ';'
   47        | type . '[' ']' TOK_IDENT '=' expr ';'

    TOK_IDENT  shift, and go to state 107
    '['        shift, and go to state 108


State 66

   38 optstmt: '{' statement .

    $default  reduce using rule 38 (optstmt)


State 67

   56 expr: expr . '=' expr
   57     | expr . '+' expr
   58     | expr . '-' expr
   59     | expr . '*' expr
   60     | expr . '/' expr
   61     | expr . '^' expr
   62     | expr . '%' expr
   63     | expr . TOK_GT expr
   64     | expr . TOK_GE expr
   65     | expr . TOK_LT expr
   66     | expr . TOK_LE expr
   67     | expr . TOK_EQ expr
   68     | expr . TOK_NE expr
   69     | '+' expr .
   86 variable: expr . '[' expr ']'
   87         | expr . TOK_ARROW TOK_IDENT

    TOK_ARROW  shift, and go to state 73
    '['        shift, and go to state 80

    TOK_ARROW  [reduce using rule 69 (expr)]
    $default   reduce using rule 69 (expr)


State 68

   56 expr: expr . '=' expr
   57     | expr . '+' expr
   58     | expr . '-' expr
   59     | expr . '*' expr
   60     | expr . '/' expr
   61     | expr . '^' expr
   62     | expr . '%' expr
   63     | expr . TOK_GT expr
   64     | expr . TOK_GE expr
   65     | expr . TOK_LT expr
   66     | expr . TOK_LE expr
   67     | expr . TOK_EQ expr
   68     | expr . TOK_NE expr
   70     | '-' expr .
   86 variable: expr . '[' expr ']'
   87         | expr . TOK_ARROW TOK_IDENT

    TOK_ARROW  shift, and go to state 73
    '['        shift, and go to state 80

    TOK_ARROW  [reduce using rule 70 (expr)]
    $default   reduce using rule 70 (expr)


State 69

   25 function: type TOK_IDENT . funcident ')' block
   28         | type TOK_IDENT . '(' ')' block
   45 vardecl: type TOK_IDENT . ';'
   46        | type TOK_IDENT . '=' expr ';'

    '('  shift, and go to state 109
    ';'  shift, and go to state 110
    '='  shift, and go to state 111

    funcident  go to state 112


State 70

   26 function: type '[' . ']' TOK_IDENT '(' ')' block
   27         | type '[' . ']' TOK_IDENT funcident ')' block
   47 vardecl: type '[' . ']' TOK_IDENT '=' expr ';'

    ']'  shift, and go to state 113


State 71

   33 block: optstmt '}' .
   34      | optstmt '}' . ';'

    ';'  shift, and go to state 114

    ';'       [reduce using rule 33 (block)]
    $default  reduce using rule 33 (block)


State 72

   37 optstmt: optstmt statement .

    $default  reduce using rule 37 (optstmt)


State 73

   87 variable: expr TOK_ARROW . TOK_IDENT

    TOK_IDENT  shift, and go to state 115


State 74

   67 expr: expr TOK_EQ . expr

    TOK_NULLPTR    shift, and go to state 15
    TOK_ALLOC      shift, and go to state 17
    TOK_NOT        shift, and go to state 19
    TOK_IDENT      shift, and go to state 51
    TOK_INTCON     shift, and go to state 21
    TOK_CHARCON    shift, and go to state 22
    TOK_STRINGCON  shift, and go to state 23
    TOK_NEW        shift, and go to state 24
    '('            shift, and go to state 25
    '+'            shift, and go to state 28
    '-'            shift, and go to state 29

    expr       go to state 116
    allocator  go to state 42
    call       go to state 43
    callexpr   go to state 44
    variable   go to state 45
    constant   go to state 46


State 75

   68 expr: expr TOK_NE . expr

    TOK_NULLPTR    shift, and go to state 15
    TOK_ALLOC      shift, and go to state 17
    TOK_NOT        shift, and go to state 19
    TOK_IDENT      shift, and go to state 51
    TOK_INTCON     shift, and go to state 21
    TOK_CHARCON    shift, and go to state 22
    TOK_STRINGCON  shift, and go to state 23
    TOK_NEW        shift, and go to state 24
    '('            shift, and go to state 25
    '+'            shift, and go to state 28
    '-'            shift, and go to state 29

    expr       go to state 117
    allocator  go to state 42
    call       go to state 43
    callexpr   go to state 44
    variable   go to state 45
    constant   go to state 46


State 76

   65 expr: expr TOK_LT . expr

    TOK_NULLPTR    shift, and go to state 15
    TOK_ALLOC      shift, and go to state 17
    TOK_NOT        shift, and go to state 19
    TOK_IDENT      shift, and go to state 51
    TOK_INTCON     shift, and go to state 21
    TOK_CHARCON    shift, and go to state 22
    TOK_STRINGCON  shift, and go to state 23
    TOK_NEW        shift, and go to state 24
    '('            shift, and go to state 25
    '+'            shift, and go to state 28
    '-'            shift, and go to state 29

    expr       go to state 118
    allocator  go to state 42
    call       go to state 43
    callexpr   go to state 44
    variable   go to state 45
    constant   go to state 46


State 77

   66 expr: expr TOK_LE . expr

    TOK_NULLPTR    shift, and go to state 15
    TOK_ALLOC      shift, and go to state 17
    TOK_NOT        shift, and go to state 19
    TOK_IDENT      shift, and go to state 51
    TOK_INTCON     shift, and go to state 21
    TOK_CHARCON    shift, and go to state 22
    TOK_STRINGCON  shift, and go to state 23
    TOK_NEW        shift, and go to state 24
    '('            shift, and go to state 25
    '+'            shift, and go to state 28
    '-'            shift, and go to state 29

    expr       go to state 119
    allocator  go to state 42
    call       go to state 43
    callexpr   go to state 44
    variable   go to state 45
    constant   go to state 46


State 78

   63 expr: expr TOK_GT . expr

    TOK_NULLPTR    shift, and go to state 15
    TOK_ALLOC      shift, and go to state 17
    TOK_NOT        shift, and go to state 19
    TOK_IDENT      shift, and go to state 51
    TOK_INTCON     shift, and go to state 21
    TOK_CHARCON    shift, and go to state 22
    TOK_STRINGCON  shift, and go to state 23
    TOK_NEW        shift, and go to state 24
    '('            shift, and go to state 25
    '+'            shift, and go to state 28
    '-'            shift, and go to state 29

    expr       go to state 120
    allocator  go to state 42
    call       go to state 43
    callexpr   go to state 44
    variable   go to state 45
    constant   go to state 46


State 79

   64 expr: expr TOK_GE . expr

    TOK_NULLPTR    shift, and go to state 15
    TOK_ALLOC      shift, and go to state 17
    TOK_NOT        shift, and go to state 19
    TOK_IDENT      shift, and go to state 51
    TOK_INTCON     shift, and go to state 21
    TOK_CHARCON    shift, and go to state 22
    TOK_STRINGCON  shift, and go to state 23
    TOK_NEW        shift, and go to state 24
    '('            shift, and go to state 25
    '+'            shift, and go to state 28
    '-'            shift, and go to state 29

    expr       go to state 121
    allocator  go to state 42
    call       go to state 43
    callexpr   go to state 44
    variable   go to state 45
    constant   go to state 46


State 80

   86 variable: expr '[' . expr ']'

    TOK_NULLPTR    shift, and go to state 15
    TOK_ALLOC      shift, and go to state 17
    TOK_NOT        shift, and go to state 19
    TOK_IDENT      shift, and go to state 51
    TOK_INTCON     shift, and go to state 21
    TOK_CHARCON    shift, and go to state 22
    TOK_STRINGCON  shift, and go to state 23
    TOK_NEW        shift, and go to state 24
    '('            shift, and go to state 25
    '+'            shift, and go to state 28
    '-'            shift, and go to state 29

    expr       go to state 122
    allocator  go to state 42
    call       go to state 43
    callexpr   go to state 44
    variable   go to state 45
    constant   go to state 46


State 81

   44 statement: expr ';' .

    $default  reduce using rule 44 (statement)


State 82

   56 expr: expr '=' . expr

    TOK_NULLPTR    shift, and go to state 15
    TOK_ALLOC      shift, and go to state 17
    TOK_NOT        shift, and go to state 19
    TOK_IDENT      shift, and go to state 51
    TOK_INTCON     shift, and go to state 21
    TOK_CHARCON    shift, and go to state 22
    TOK_STRINGCON  shift, and go to state 23
    TOK_NEW        shift, and go to state 24
    '('            shift, and go to state 25
    '+'            shift, and go to state 28
    '-'            shift, and go to state 29

    expr       go to state 123
    allocator  go to state 42
    call       go to state 43
    callexpr   go to state 44
    variable   go to state 45
    constant   go to state 46


State 83

   57 expr: expr '+' . expr

    TOK_NULLPTR    shift, and go to state 15
    TOK_ALLOC      shift, and go to state 17
    TOK_NOT        shift, and go to state 19
    TOK_IDENT      shift, and go to state 51
    TOK_INTCON     shift, and go to state 21
    TOK_CHARCON    shift, and go to state 22
    TOK_STRINGCON  shift, and go to state 23
    TOK_NEW        shift, and go to state 24
    '('            shift, and go to state 25
    '+'            shift, and go to state 28
    '-'            shift, and go to state 29

    expr       go to state 124
    allocator  go to state 42
    call       go to state 43
    callexpr   go to state 44
    variable   go to state 45
    constant   go to state 46


State 84

   58 expr: expr '-' . expr

    TOK_NULLPTR    shift, and go to state 15
    TOK_ALLOC      shift, and go to state 17
    TOK_NOT        shift, and go to state 19
    TOK_IDENT      shift, and go to state 51
    TOK_INTCON     shift, and go to state 21
    TOK_CHARCON    shift, and go to state 22
    TOK_STRINGCON  shift, and go to state 23
    TOK_NEW        shift, and go to state 24
    '('            shift, and go to state 25
    '+'            shift, and go to state 28
    '-'            shift, and go to state 29

    expr       go to state 125
    allocator  go to state 42
    call       go to state 43
    callexpr   go to state 44
    variable   go to state 45
    constant   go to state 46


State 85

   59 expr: expr '*' . expr

    TOK_NULLPTR    shift, and go to state 15
    TOK_ALLOC      shift, and go to state 17
    TOK_NOT        shift, and go to state 19
    TOK_IDENT      shift, and go to state 51
    TOK_INTCON     shift, and go to state 21
    TOK_CHARCON    shift, and go to state 22
    TOK_STRINGCON  shift, and go to state 23
    TOK_NEW        shift, and go to state 24
    '('            shift, and go to state 25
    '+'            shift, and go to state 28
    '-'            shift, and go to state 29

    expr       go to state 126
    allocator  go to state 42
    call       go to state 43
    callexpr   go to state 44
    variable   go to state 45
    constant   go to state 46


State 86

   60 expr: expr '/' . expr

    TOK_NULLPTR    shift, and go to state 15
    TOK_ALLOC      shift, and go to state 17
    TOK_NOT        shift, and go to state 19
    TOK_IDENT      shift, and go to state 51
    TOK_INTCON     shift, and go to state 21
    TOK_CHARCON    shift, and go to state 22
    TOK_STRINGCON  shift, and go to state 23
    TOK_NEW        shift, and go to state 24
    '('            shift, and go to state 25
    '+'            shift, and go to state 28
    '-'            shift, and go to state 29

    expr       go to state 127
    allocator  go to state 42
    call       go to state 43
    callexpr   go to state 44
    variable   go to state 45
    constant   go to state 46


State 87

   62 expr: expr '%' . expr

    TOK_NULLPTR    shift, and go to state 15
    TOK_ALLOC      shift, and go to state 17
    TOK_NOT        shift, and go to state 19
    TOK_IDENT      shift, and go to state 51
    TOK_INTCON     shift, and go to state 21
    TOK_CHARCON    shift, and go to state 22
    TOK_STRINGCON  shift, and go to state 23
    TOK_NEW        shift, and go to state 24
    '('            shift, and go to state 25
    '+'            shift, and go to state 28
    '-'            shift, and go to state 29

    expr       go to state 128
    allocator  go to state 42
    call       go to state 43
    callexpr   go to state 44
    variable   go to state 45
    constant   go to state 46


State 88

   61 expr: expr '^' . expr

    TOK_NULLPTR    shift, and go to state 15
    TOK_ALLOC      shift, and go to state 17
    TOK_NOT        shift, and go to state 19
    TOK_IDENT      shift, and go to state 51
    TOK_INTCON     shift, and go to state 21
    TOK_CHARCON    shift, and go to state 22
    TOK_STRINGCON  shift, and go to state 23
    TOK_NEW        shift, and go to state 24
    '('            shift, and go to state 25
    '+'            shift, and go to state 28
    '-'            shift, and go to state 29

    expr       go to state 129
    allocator  go to state 42
    call       go to state 43
    callexpr   go to state 44
    variable   go to state 45
    constant   go to state 46


State 89

   81 call: callexpr ')' .

    $default  reduce using rule 81 (call)


State 90

   84 callexpr: callexpr ',' . expr

    TOK_NULLPTR    shift, and go to state 15
    TOK_ALLOC      shift, and go to state 17
    TOK_NOT        shift, and go to state 19
    TOK_IDENT      shift, and go to state 51
    TOK_INTCON     shift, and go to state 21
    TOK_CHARCON    shift, and go to state 22
    TOK_STRINGCON  shift, and go to state 23
    TOK_NEW        shift, and go to state 24
    '('            shift, and go to state 25
    '+'            shift, and go to state 28
    '-'            shift, and go to state 29

    expr       go to state 130
    allocator  go to state 42
    call       go to state 43
    callexpr   go to state 44
    variable   go to state 45
    constant   go to state 46


State 91

   50 ifelse: TOK_IF '(' expr . ')' statement
   51       | TOK_IF '(' expr . ')' statement dangling
   56 expr: expr . '=' expr
   57     | expr . '+' expr
   58     | expr . '-' expr
   59     | expr . '*' expr
   60     | expr . '/' expr
   61     | expr . '^' expr
   62     | expr . '%' expr
   63     | expr . TOK_GT expr
   64     | expr . TOK_GE expr
   65     | expr . TOK_LT expr
   66     | expr . TOK_LE expr
   67     | expr . TOK_EQ expr
   68     | expr . TOK_NE expr
   86 variable: expr . '[' expr ']'
   87         | expr . TOK_ARROW TOK_IDENT

    TOK_ARROW  shift, and go to state 73
    TOK_EQ     shift, and go to state 74
    TOK_NE     shift, and go to state 75
    TOK_LT     shift, and go to state 76
    TOK_LE     shift, and go to state 77
    TOK_GT     shift, and go to state 78
    TOK_GE     shift, and go to state 79
    ')'        shift, and go to state 131
    '['        shift, and go to state 80
    '='        shift, and go to state 82
    '+'        shift, and go to state 83
    '-'        shift, and go to state 84
    '*'        shift, and go to state 85
    '/'        shift, and go to state 86
    '%'        shift, and go to state 87
    '^'        shift, and go to state 88


State 92

   49 while: TOK_WHILE '(' expr . ')' statement
   56 expr: expr . '=' expr
   57     | expr . '+' expr
   58     | expr . '-' expr
   59     | expr . '*' expr
   60     | expr . '/' expr
   61     | expr . '^' expr
   62     | expr . '%' expr
   63     | expr . TOK_GT expr
   64     | expr . TOK_GE expr
   65     | expr . TOK_LT expr
   66     | expr . TOK_LE expr
   67     | expr . TOK_EQ expr
   68     | expr . TOK_NE expr
   86 variable: expr . '[' expr ']'
   87         | expr . TOK_ARROW TOK_IDENT

    TOK_ARROW  shift, and go to state 73
    TOK_EQ     shift, and go to state 74
    TOK_NE     shift, and go to state 75
    TOK_LT     shift, and go to state 76
    TOK_LE     shift, and go to state 77
    TOK_GT     shift, and go to state 78
    TOK_GE     shift, and go to state 79
    ')'        shift, and go to state 132
    '['        shift, and go to state 80
    '='        shift, and go to state 82
    '+'        shift, and go to state 83
    '-'        shift, and go to state 84
    '*'        shift, and go to state 85
    '/'        shift, and go to state 86
    '%'        shift, and go to state 87
    '^'        shift, and go to state 88


State 93

   55 return: TOK_RETURN expr ';' .

    $default  reduce using rule 55 (return)


State 94

    8 structdef: TOK_STRUCT TOK_IDENT '{' . '}'
    9          | TOK_STRUCT TOK_IDENT '{' . '}' ';'
   13 typeident: '{' . type TOK_IDENT ';'

    TOK_VOID    shift, and go to state 5
    TOK_INT     shift, and go to state 6
    TOK_STRING  shift, and go to state 7
    TOK_BOOL    shift, and go to state 8
    TOK_REF     shift, and go to state 9
    TOK_CHAR    shift, and go to state 10
    TOK_ARRAY   shift, and go to state 16
    TOK_PTR     shift, and go to state 18
    TOK_IDENT   shift, and go to state 61
    '}'         shift, and go to state 133

    type       go to state 134
    plaintype  go to state 32


State 95

   10 structdef: TOK_STRUCT TOK_IDENT typeident . '}' ';'
   11          | TOK_STRUCT TOK_IDENT typeident . '}'
   12 typeident: typeident . type TOK_IDENT ';'

    TOK_VOID    shift, and go to state 5
    TOK_INT     shift, and go to state 6
    TOK_STRING  shift, and go to state 7
    TOK_BOOL    shift, and go to state 8
    TOK_REF     shift, and go to state 9
    TOK_CHAR    shift, and go to state 10
    TOK_ARRAY   shift, and go to state 16
    TOK_PTR     shift, and go to state 18
    TOK_IDENT   shift, and go to state 61
    '}'         shift, and go to state 135

    type       go to state 136
    plaintype  go to state 32


State 96

   15 type: TOK_ARRAY TOK_LT plaintype . TOK_GT

    TOK_GT  shift, and go to state 137


State 97

   78 allocator: TOK_ALLOC TOK_LT TOK_STRING . TOK_GT '(' expr ')'

    TOK_GT  shift, and go to state 138


State 98

   79 allocator: TOK_ALLOC TOK_LT TOK_STRUCT . TOK_IDENT TOK_GT '(' ')'

    TOK_IDENT  shift, and go to state 139


State 99

   80 allocator: TOK_ALLOC TOK_LT TOK_ARRAY . TOK_LT plaintype TOK_GT TOK_GT '(' expr ')'

    TOK_LT  shift, and go to state 140


State 100

   23 plaintype: TOK_PTR TOK_LT TOK_STRUCT . TOK_IDENT TOK_GT

    TOK_IDENT  shift, and go to state 141


State 101

   24 plaintype: TOK_PTR TOK_LT TOK_IDENT . TOK_GT

    TOK_GT  shift, and go to state 142


State 102

   82 call: TOK_IDENT '(' ')' .

    $default  reduce using rule 82 (call)


State 103

   56 expr: expr . '=' expr
   57     | expr . '+' expr
   58     | expr . '-' expr
   59     | expr . '*' expr
   60     | expr . '/' expr
   61     | expr . '^' expr
   62     | expr . '%' expr
   63     | expr . TOK_GT expr
   64     | expr . TOK_GE expr
   65     | expr . TOK_LT expr
   66     | expr . TOK_LE expr
   67     | expr . TOK_EQ expr
   68     | expr . TOK_NE expr
   83 callexpr: TOK_IDENT '(' expr .
   86 variable: expr . '[' expr ']'
   87         | expr . TOK_ARROW TOK_IDENT

    TOK_ARROW  shift, and go to state 73
    TOK_EQ     shift, and go to state 74
    TOK_NE     shift, and go to state 75
    TOK_LT     shift, and go to state 76
    TOK_LE     shift, and go to state 77
    TOK_GT     shift, and go to state 78
    TOK_GE     shift, and go to state 79
    '['        shift, and go to state 80
    '='        shift, and go to state 82
    '+'        shift, and go to state 83
    '-'        shift, and go to state 84
    '*'        shift, and go to state 85
    '/'        shift, and go to state 86
    '%'        shift, and go to state 87
    '^'        shift, and go to state 88

    $default  reduce using rule 83 (callexpr)


State 104

   48 vardecl: TOK_IDENT '[' expr . ']' '=' expr ';'
   56 expr: expr . '=' expr
   57     | expr . '+' expr
   58     | expr . '-' expr
   59     | expr . '*' expr
   60     | expr . '/' expr
   61     | expr . '^' expr
   62     | expr . '%' expr
   63     | expr . TOK_GT expr
   64     | expr . TOK_GE expr
   65     | expr . TOK_LT expr
   66     | expr . TOK_LE expr
   67     | expr . TOK_EQ expr
   68     | expr . TOK_NE expr
   86 variable: expr . '[' expr ']'
   87         | expr . TOK_ARROW TOK_IDENT

    TOK_ARROW  shift, and go to state 73
    TOK_EQ     shift, and go to state 74
    TOK_NE     shift, and go to state 75
    TOK_LT     shift, and go to state 76
    TOK_LE     shift, and go to state 77
    TOK_GT     shift, and go to state 78
    TOK_GE     shift, and go to state 79
    '['        shift, and go to state 80
    ']'        shift, and go to state 143
    '='        shift, and go to state 82
    '+'        shift, and go to state 83
    '-'        shift, and go to state 84
    '*'        shift, and go to state 85
    '/'        shift, and go to state 86
    '%'        shift, and go to state 87
    '^'        shift, and go to state 88


State 105

   75 expr: TOK_NEW type '[' . expr ']'

    TOK_NULLPTR    shift, and go to state 15
    TOK_ALLOC      shift, and go to state 17
    TOK_NOT        shift, and go to state 19
    TOK_IDENT      shift, and go to state 51
    TOK_INTCON     shift, and go to state 21
    TOK_CHARCON    shift, and go to state 22
    TOK_STRINGCON  shift, and go to state 23
    TOK_NEW        shift, and go to state 24
    '('            shift, and go to state 25
    '+'            shift, and go to state 28
    '-'            shift, and go to state 29

    expr       go to state 144
    allocator  go to state 42
    call       go to state 43
    callexpr   go to state 44
    variable   go to state 45
    constant   go to state 46


State 106

   73 expr: '(' expr ')' .

    $default  reduce using rule 73 (expr)


State 107

   45 vardecl: type TOK_IDENT . ';'
   46        | type TOK_IDENT . '=' expr ';'

    ';'  shift, and go to state 110
    '='  shift, and go to state 111


State 108

   47 vardecl: type '[' . ']' TOK_IDENT '=' expr ';'

    ']'  shift, and go to state 145


State 109

   28 function: type TOK_IDENT '(' . ')' block
   31 funcident: '(' . type TOK_IDENT
   32          | '(' . type '[' ']' TOK_IDENT

    TOK_VOID    shift, and go to state 5
    TOK_INT     shift, and go to state 6
    TOK_STRING  shift, and go to state 7
    TOK_BOOL    shift, and go to state 8
    TOK_REF     shift, and go to state 9
    TOK_CHAR    shift, and go to state 10
    TOK_ARRAY   shift, and go to state 16
    TOK_PTR     shift, and go to state 18
    TOK_IDENT   shift, and go to state 61
    ')'         shift, and go to state 146

    type       go to state 147
    plaintype  go to state 32


State 110

   45 vardecl: type TOK_IDENT ';' .

    $default  reduce using rule 45 (vardecl)


State 111

   46 vardecl: type TOK_IDENT '=' . expr ';'

    TOK_NULLPTR    shift, and go to state 15
    TOK_ALLOC      shift, and go to state 17
    TOK_NOT        shift, and go to state 19
    TOK_IDENT      shift, and go to state 51
    TOK_INTCON     shift, and go to state 21
    TOK_CHARCON    shift, and go to state 22
    TOK_STRINGCON  shift, and go to state 23
    TOK_NEW        shift, and go to state 24
    '('            shift, and go to state 25
    '+'            shift, and go to state 28
    '-'            shift, and go to state 29

    expr       go to state 148
    allocator  go to state 42
    call       go to state 43
    callexpr   go to state 44
    variable   go to state 45
    constant   go to state 46


State 112

   25 function: type TOK_IDENT funcident . ')' block
   29 funcident: funcident . ',' type TOK_IDENT
   30          | funcident . ',' type '[' ']' TOK_IDENT

    ')'  shift, and go to state 149
    ','  shift, and go to state 150


State 113

   26 function: type '[' ']' . TOK_IDENT '(' ')' block
   27         | type '[' ']' . TOK_IDENT funcident ')' block
   47 vardecl: type '[' ']' . TOK_IDENT '=' expr ';'

    TOK_IDENT  shift, and go to state 151


State 114

   34 block: optstmt '}' ';' .

    $default  reduce using rule 34 (block)


State 115

   87 variable: expr TOK_ARROW TOK_IDENT .

    $default  reduce using rule 87 (variable)


State 116

   56 expr: expr . '=' expr
   57     | expr . '+' expr
   58     | expr . '-' expr
   59     | expr . '*' expr
   60     | expr . '/' expr
   61     | expr . '^' expr
   62     | expr . '%' expr
   63     | expr . TOK_GT expr
   64     | expr . TOK_GE expr
   65     | expr . TOK_LT expr
   66     | expr . TOK_LE expr
   67     | expr . TOK_EQ expr
   67     | expr TOK_EQ expr .
   68     | expr . TOK_NE expr
   86 variable: expr . '[' expr ']'
   87         | expr . TOK_ARROW TOK_IDENT

    TOK_ARROW  shift, and go to state 73
    '['        shift, and go to state 80
    '^'        shift, and go to state 88

    TOK_ARROW  [reduce using rule 67 (expr)]
    $default   reduce using rule 67 (expr)


State 117

   56 expr: expr . '=' expr
   57     | expr . '+' expr
   58     | expr . '-' expr
   59     | expr . '*' expr
   60     | expr . '/' expr
   61     | expr . '^' expr
   62     | expr . '%' expr
   63     | expr . TOK_GT expr
   64     | expr . TOK_GE expr
   65     | expr . TOK_LT expr
   66     | expr . TOK_LE expr
   67     | expr . TOK_EQ expr
   68     | expr . TOK_NE expr
   68     | expr TOK_NE expr .
   86 variable: expr . '[' expr ']'
   87         | expr . TOK_ARROW TOK_IDENT

    TOK_ARROW  shift, and go to state 73
    '['        shift, and go to state 80
    '^'        shift, and go to state 88

    TOK_ARROW  [reduce using rule 68 (expr)]
    $default   reduce using rule 68 (expr)


State 118

   56 expr: expr . '=' expr
   57     | expr . '+' expr
   58     | expr . '-' expr
   59     | expr . '*' expr
   60     | expr . '/' expr
   61     | expr . '^' expr
   62     | expr . '%' expr
   63     | expr . TOK_GT expr
   64     | expr . TOK_GE expr
   65     | expr . TOK_LT expr
   65     | expr TOK_LT expr .
   66     | expr . TOK_LE expr
   67     | expr . TOK_EQ expr
   68     | expr . TOK_NE expr
   86 variable: expr . '[' expr ']'
   87         | expr . TOK_ARROW TOK_IDENT

    TOK_ARROW  shift, and go to state 73
    '['        shift, and go to state 80
    '^'        shift, and go to state 88

    TOK_ARROW  [reduce using rule 65 (expr)]
    $default   reduce using rule 65 (expr)


State 119

   56 expr: expr . '=' expr
   57     | expr . '+' expr
   58     | expr . '-' expr
   59     | expr . '*' expr
   60     | expr . '/' expr
   61     | expr . '^' expr
   62     | expr . '%' expr
   63     | expr . TOK_GT expr
   64     | expr . TOK_GE expr
   65     | expr . TOK_LT expr
   66     | expr . TOK_LE expr
   66     | expr TOK_LE expr .
   67     | expr . TOK_EQ expr
   68     | expr . TOK_NE expr
   86 variable: expr . '[' expr ']'
   87         | expr . TOK_ARROW TOK_IDENT

    TOK_ARROW  shift, and go to state 73
    '['        shift, and go to state 80
    '^'        shift, and go to state 88

    TOK_ARROW  [reduce using rule 66 (expr)]
    $default   reduce using rule 66 (expr)


State 120

   56 expr: expr . '=' expr
   57     | expr . '+' expr
   58     | expr . '-' expr
   59     | expr . '*' expr
   60     | expr . '/' expr
   61     | expr . '^' expr
   62     | expr . '%' expr
   63     | expr . TOK_GT expr
   63     | expr TOK_GT expr .
   64     | expr . TOK_GE expr
   65     | expr . TOK_LT expr
   66     | expr . TOK_LE expr
   67     | expr . TOK_EQ expr
   68     | expr . TOK_NE expr
   86 variable: expr . '[' expr ']'
   87         | expr . TOK_ARROW TOK_IDENT

    TOK_ARROW  shift, and go to state 73
    '['        shift, and go to state 80
    '^'        shift, and go to state 88

    TOK_ARROW  [reduce using rule 63 (expr)]
    $default   reduce using rule 63 (expr)


State 121

   56 expr: expr . '=' expr
   57     | expr . '+' expr
   58     | expr . '-' expr
   59     | expr . '*' expr
   60     | expr . '/' expr
   61     | expr . '^' expr
   62     | expr . '%' expr
   63     | expr . TOK_GT expr
   64     | expr . TOK_GE expr
   64     | expr TOK_GE expr .
   65     | expr . TOK_LT expr
   66     | expr . TOK_LE expr
   67     | expr . TOK_EQ expr
   68     | expr . TOK_NE expr
   86 variable: expr . '[' expr ']'
   87         | expr . TOK_ARROW TOK_IDENT

    TOK_ARROW  shift, and go to state 73
    '['        shift, and go to state 80
    '^'        shift, and go to state 88

    TOK_ARROW  [reduce using rule 64 (expr)]
    $default   reduce using rule 64 (expr)


State 122

   56 expr: expr . '=' expr
   57     | expr . '+' expr
   58     | expr . '-' expr
   59     | expr . '*' expr
   60     | expr . '/' expr
   61     | expr . '^' expr
   62     | expr . '%' expr
   63     | expr . TOK_GT expr
   64     | expr . TOK_GE expr
   65     | expr . TOK_LT expr
   66     | expr . TOK_LE expr
   67     | expr . TOK_EQ expr
   68     | expr . TOK_NE expr
   86 variable: expr . '[' expr ']'
   86         | expr '[' expr . ']'
   87         | expr . TOK_ARROW TOK_IDENT

    TOK_ARROW  shift, and go to state 73
    TOK_EQ     shift, and go to state 74
    TOK_NE     shift, and go to state 75
    TOK_LT     shift, and go to state 76
    TOK_LE     shift, and go to state 77
    TOK_GT     shift, and go to state 78
    TOK_GE     shift, and go to state 79
    '['        shift, and go to state 80
    ']'        shift, and go to state 152
    '='        shift, and go to state 82
    '+'        shift, and go to state 83
    '-'        shift, and go to state 84
    '*'        shift, and go to state 85
    '/'        shift, and go to state 86
    '%'        shift, and go to state 87
    '^'        shift, and go to state 88


State 123

   56 expr: expr . '=' expr
   56     | expr '=' expr .
   57     | expr . '+' expr
   58     | expr . '-' expr
   59     | expr . '*' expr
   60     | expr . '/' expr
   61     | expr . '^' expr
   62     | expr . '%' expr
   63     | expr . TOK_GT expr
   64     | expr . TOK_GE expr
   65     | expr . TOK_LT expr
   66     | expr . TOK_LE expr
   67     | expr . TOK_EQ expr
   68     | expr . TOK_NE expr
   86 variable: expr . '[' expr ']'
   87         | expr . TOK_ARROW TOK_IDENT

    TOK_ARROW  shift, and go to state 73
    TOK_EQ     shift, and go to state 74
    TOK_NE     shift, and go to state 75
    TOK_LT     shift, and go to state 76
    TOK_LE     shift, and go to state 77
    TOK_GT     shift, and go to state 78
    TOK_GE     shift, and go to state 79
    '['        shift, and go to state 80
    '='        shift, and go to state 82
    '+'        shift, and go to state 83
    '-'        shift, and go to state 84
    '*'        shift, and go to state 85
    '/'        shift, and go to state 86
    '%'        shift, and go to state 87
    '^'        shift, and go to state 88

    TOK_ARROW  [reduce using rule 56 (expr)]
    $default   reduce using rule 56 (expr)


State 124

   56 expr: expr . '=' expr
   57     | expr . '+' expr
   57     | expr '+' expr .
   58     | expr . '-' expr
   59     | expr . '*' expr
   60     | expr . '/' expr
   61     | expr . '^' expr
   62     | expr . '%' expr
   63     | expr . TOK_GT expr
   64     | expr . TOK_GE expr
   65     | expr . TOK_LT expr
   66     | expr . TOK_LE expr
   67     | expr . TOK_EQ expr
   68     | expr . TOK_NE expr
   86 variable: expr . '[' expr ']'
   87         | expr . TOK_ARROW TOK_IDENT

    TOK_ARROW  shift, and go to state 73
    TOK_EQ     shift, and go to state 74
    TOK_NE     shift, and go to state 75
    TOK_LT     shift, and go to state 76
    TOK_LE     shift, and go to state 77
    TOK_GT     shift, and go to state 78
    TOK_GE     shift, and go to state 79
    '['        shift, and go to state 80
    '*'        shift, and go to state 85
    '/'        shift, and go to state 86
    '%'        shift, and go to state 87
    '^'        shift, and go to state 88

    TOK_ARROW  [reduce using rule 57 (expr)]
    $default   reduce using rule 57 (expr)


State 125

   56 expr: expr . '=' expr
   57     | expr . '+' expr
   58     | expr . '-' expr
   58     | expr '-' expr .
   59     | expr . '*' expr
   60     | expr . '/' expr
   61     | expr . '^' expr
   62     | expr . '%' expr
   63     | expr . TOK_GT expr
   64     | expr . TOK_GE expr
   65     | expr . TOK_LT expr
   66     | expr . TOK_LE expr
   67     | expr . TOK_EQ expr
   68     | expr . TOK_NE expr
   86 variable: expr . '[' expr ']'
   87         | expr . TOK_ARROW TOK_IDENT

    TOK_ARROW  shift, and go to state 73
    TOK_EQ     shift, and go to state 74
    TOK_NE     shift, and go to state 75
    TOK_LT     shift, and go to state 76
    TOK_LE     shift, and go to state 77
    TOK_GT     shift, and go to state 78
    TOK_GE     shift, and go to state 79
    '['        shift, and go to state 80
    '*'        shift, and go to state 85
    '/'        shift, and go to state 86
    '%'        shift, and go to state 87
    '^'        shift, and go to state 88

    TOK_ARROW  [reduce using rule 58 (expr)]
    $default   reduce using rule 58 (expr)


State 126

   56 expr: expr . '=' expr
   57     | expr . '+' expr
   58     | expr . '-' expr
   59     | expr . '*' expr
   59     | expr '*' expr .
   60     | expr . '/' expr
   61     | expr . '^' expr
   62     | expr . '%' expr
   63     | expr . TOK_GT expr
   64     | expr . TOK_GE expr
   65     | expr . TOK_LT expr
   66     | expr . TOK_LE expr
   67     | expr . TOK_EQ expr
   68     | expr . TOK_NE expr
   86 variable: expr . '[' expr ']'
   87         | expr . TOK_ARROW TOK_IDENT

    TOK_ARROW  shift, and go to state 73
    TOK_EQ     shift, and go to state 74
    TOK_NE     shift, and go to state 75
    TOK_LT     shift, and go to state 76
    TOK_LE     shift, and go to state 77
    TOK_GT     shift, and go to state 78
    TOK_GE     shift, and go to state 79
    '['        shift, and go to state 80
    '^'        shift, and go to state 88

    TOK_ARROW  [reduce using rule 59 (expr)]
    $default   reduce using rule 59 (expr)


State 127

   56 expr: expr . '=' expr
   57     | expr . '+' expr
   58     | expr . '-' expr
   59     | expr . '*' expr
   60     | expr . '/' expr
   60     | expr '/' expr .
   61     | expr . '^' expr
   62     | expr . '%' expr
   63     | expr . TOK_GT expr
   64     | expr . TOK_GE expr
   65     | expr . TOK_LT expr
   66     | expr . TOK_LE expr
   67     | expr . TOK_EQ expr
   68     | expr . TOK_NE expr
   86 variable: expr . '[' expr ']'
   87         | expr . TOK_ARROW TOK_IDENT

    TOK_ARROW  shift, and go to state 73
    TOK_EQ     shift, and go to state 74
    TOK_NE     shift, and go to state 75
    TOK_LT     shift, and go to state 76
    TOK_LE     shift, and go to state 77
    TOK_GT     shift, and go to state 78
    TOK_GE     shift, and go to state 79
    '['        shift, and go to state 80
    '^'        shift, and go to state 88

    TOK_ARROW  [reduce using rule 60 (expr)]
    $default   reduce using rule 60 (expr)


State 128

   56 expr: expr . '=' expr
   57     | expr . '+' expr
   58     | expr . '-' expr
   59     | expr . '*' expr
   60     | expr . '/' expr
   61     | expr . '^' expr
   62     | expr . '%' expr
   62     | expr '%' expr .
   63     | expr . TOK_GT expr
   64     | expr . TOK_GE expr
   65     | expr . TOK_LT expr
   66     | expr . TOK_LE expr
   67     | expr . TOK_EQ expr
   68     | expr . TOK_NE expr
   86 variable: expr . '[' expr ']'
   87         | expr . TOK_ARROW TOK_IDENT

    TOK_ARROW  shift, and go to state 73
    TOK_EQ     shift, and go to state 74
    TOK_NE     shift, and go to state 75
    TOK_LT     shift, and go to state 76
    TOK_LE     shift, and go to state 77
    TOK_GT     shift, and go to state 78
    TOK_GE     shift, and go to state 79
    '['        shift, and go to state 80
    '^'        shift, and go to state 88

    TOK_ARROW  [reduce using rule 62 (expr)]
    $default   reduce using rule 62 (expr)


State 129

   56 expr: expr . '=' expr
   57     | expr . '+' expr
   58     | expr . '-' expr
   59     | expr . '*' expr
   60     | expr . '/' expr
   61     | expr . '^' expr
   61     | expr '^' expr .
   62     | expr . '%' expr
   63     | expr . TOK_GT expr
   64     | expr . TOK_GE expr
   65     | expr . TOK_LT expr
   66     | expr . TOK_LE expr
   67     | expr . TOK_EQ expr
   68     | expr . TOK_NE expr
   86 variable: expr . '[' expr ']'
   87         | expr . TOK_ARROW TOK_IDENT

    TOK_ARROW  shift, and go to state 73
    '['        shift, and go to state 80
    '^'        shift, and go to state 88

    TOK_ARROW  [reduce using rule 61 (expr)]
    $default   reduce using rule 61 (expr)


State 130

   56 expr: expr . '=' expr
   57     | expr . '+' expr
   58     | expr . '-' expr
   59     | expr . '*' expr
   60     | expr . '/' expr
   61     | expr . '^' expr
   62     | expr . '%' expr
   63     | expr . TOK_GT expr
   64     | expr . TOK_GE expr
   65     | expr . TOK_LT expr
   66     | expr . TOK_LE expr
   67     | expr . TOK_EQ expr
   68     | expr . TOK_NE expr
   84 callexpr: callexpr ',' expr .
   86 variable: expr . '[' expr ']'
   87         | expr . TOK_ARROW TOK_IDENT

    TOK_ARROW  shift, and go to state 73
    TOK_EQ     shift, and go to state 74
    TOK_NE     shift, and go to state 75
    TOK_LT     shift, and go to state 76
    TOK_LE     shift, and go to state 77
    TOK_GT     shift, and go to state 78
    TOK_GE     shift, and go to state 79
    '['        shift, and go to state 80
    '='        shift, and go to state 82
    '+'        shift, and go to state 83
    '-'        shift, and go to state 84
    '*'        shift, and go to state 85
    '/'        shift, and go to state 86
    '%'        shift, and go to state 87
    '^'        shift, and go to state 88

    $default  reduce using rule 84 (callexpr)


State 131

   50 ifelse: TOK_IF '(' expr ')' . statement
   51       | TOK_IF '(' expr ')' . statement dangling

    TOK_VOID       shift, and go to state 5
    TOK_INT        shift, and go to state 6
    TOK_STRING     shift, and go to state 7
    TOK_BOOL       shift, and go to state 8
    TOK_REF        shift, and go to state 9
    TOK_CHAR       shift, and go to state 10
    TOK_IF         shift, and go to state 11
    TOK_WHILE      shift, and go to state 12
    TOK_RETURN     shift, and go to state 13
    TOK_NULLPTR    shift, and go to state 15
    TOK_ARRAY      shift, and go to state 16
    TOK_ALLOC      shift, and go to state 17
    TOK_PTR        shift, and go to state 18
    TOK_NOT        shift, and go to state 19
    TOK_IDENT      shift, and go to state 20
    TOK_INTCON     shift, and go to state 21
    TOK_CHARCON    shift, and go to state 22
    TOK_STRINGCON  shift, and go to state 23
    TOK_NEW        shift, and go to state 24
    '('            shift, and go to state 25
    '{'            shift, and go to state 26
    ';'            shift, and go to state 27
    '+'            shift, and go to state 28
    '-'            shift, and go to state 29

    type       go to state 65
    plaintype  go to state 32
    block      go to state 34
    optstmt    go to state 35
    statement  go to state 153
    vardecl    go to state 37
    while      go to state 38
    ifelse     go to state 39
    return     go to state 40
    expr       go to state 41
    allocator  go to state 42
    call       go to state 43
    callexpr   go to state 44
    variable   go to state 45
    constant   go to state 46


State 132

   49 while: TOK_WHILE '(' expr ')' . statement

    TOK_VOID       shift, and go to state 5
    TOK_INT        shift, and go to state 6
    TOK_STRING     shift, and go to state 7
    TOK_BOOL       shift, and go to state 8
    TOK_REF        shift, and go to state 9
    TOK_CHAR       shift, and go to state 10
    TOK_IF         shift, and go to state 11
    TOK_WHILE      shift, and go to state 12
    TOK_RETURN     shift, and go to state 13
    TOK_NULLPTR    shift, and go to state 15
    TOK_ARRAY      shift, and go to state 16
    TOK_ALLOC      shift, and go to state 17
    TOK_PTR        shift, and go to state 18
    TOK_NOT        shift, and go to state 19
    TOK_IDENT      shift, and go to state 20
    TOK_INTCON     shift, and go to state 21
    TOK_CHARCON    shift, and go to state 22
    TOK_STRINGCON  shift, and go to state 23
    TOK_NEW        shift, and go to state 24
    '('            shift, and go to state 25
    '{'            shift, and go to state 26
    ';'            shift, and go to state 27
    '+'            shift, and go to state 28
    '-'            shift, and go to state 29

    type       go to state 65
    plaintype  go to state 32
    block      go to state 34
    optstmt    go to state 35
    statement  go to state 154
    vardecl    go to state 37
    while      go to state 38
    ifelse     go to state 39
    return     go to state 40
    expr       go to state 41
    allocator  go to state 42
    call       go to state 43
    callexpr   go to state 44
    variable   go to state 45
    constant   go to state 46


State 133

    8 structdef: TOK_STRUCT TOK_IDENT '{' '}' .
    9          | TOK_STRUCT TOK_IDENT '{' '}' . ';'

    ';'  shift, and go to state 155

    ';'       [reduce using rule 8 (structdef)]
    $default  reduce using rule 8 (structdef)


State 134

   13 typeident: '{' type . TOK_IDENT ';'

    TOK_IDENT  shift, and go to state 156


State 135

   10 structdef: TOK_STRUCT TOK_IDENT typeident '}' . ';'
   11          | TOK_STRUCT TOK_IDENT typeident '}' .

    ';'  shift, and go to state 157

    ';'       [reduce using rule 11 (structdef)]
    $default  reduce using rule 11 (structdef)


State 136

   12 typeident: typeident type . TOK_IDENT ';'

    TOK_IDENT  shift, and go to state 158


State 137

   15 type: TOK_ARRAY TOK_LT plaintype TOK_GT .

    $default  reduce using rule 15 (type)


State 138

   78 allocator: TOK_ALLOC TOK_LT TOK_STRING TOK_GT . '(' expr ')'

    '('  shift, and go to state 159


State 139

   79 allocator: TOK_ALLOC TOK_LT TOK_STRUCT TOK_IDENT . TOK_GT '(' ')'

    TOK_GT  shift, and go to state 160


State 140

   80 allocator: TOK_ALLOC TOK_LT TOK_ARRAY TOK_LT . plaintype TOK_GT TOK_GT '(' expr ')'

    TOK_VOID    shift, and go to state 5
    TOK_INT     shift, and go to state 6
    TOK_STRING  shift, and go to state 7
    TOK_BOOL    shift, and go to state 8
    TOK_REF     shift, and go to state 9
    TOK_CHAR    shift, and go to state 10
    TOK_PTR     shift, and go to state 18
    TOK_IDENT   shift, and go to state 61

    plaintype  go to state 161


State 141

   23 plaintype: TOK_PTR TOK_LT TOK_STRUCT TOK_IDENT . TOK_GT

    TOK_GT  shift, and go to state 162


State 142

   24 plaintype: TOK_PTR TOK_LT TOK_IDENT TOK_GT .

    $default  reduce using rule 24 (plaintype)


State 143

   48 vardecl: TOK_IDENT '[' expr ']' . '=' expr ';'

    '='  shift, and go to state 163


State 144

   56 expr: expr . '=' expr
   57     | expr . '+' expr
   58     | expr . '-' expr
   59     | expr . '*' expr
   60     | expr . '/' expr
   61     | expr . '^' expr
   62     | expr . '%' expr
   63     | expr . TOK_GT expr
   64     | expr . TOK_GE expr
   65     | expr . TOK_LT expr
   66     | expr . TOK_LE expr
   67     | expr . TOK_EQ expr
   68     | expr . TOK_NE expr
   75     | TOK_NEW type '[' expr . ']'
   86 variable: expr . '[' expr ']'
   87         | expr . TOK_ARROW TOK_IDENT

    TOK_ARROW  shift, and go to state 73
    TOK_EQ     shift, and go to state 74
    TOK_NE     shift, and go to state 75
    TOK_LT     shift, and go to state 76
    TOK_LE     shift, and go to state 77
    TOK_GT     shift, and go to state 78
    TOK_GE     shift, and go to state 79
    '['        shift, and go to state 80
    ']'        shift, and go to state 164
    '='        shift, and go to state 82
    '+'        shift, and go to state 83
    '-'        shift, and go to state 84
    '*'        shift, and go to state 85
    '/'        shift, and go to state 86
    '%'        shift, and go to state 87
    '^'        shift, and go to state 88


State 145

   47 vardecl: type '[' ']' . TOK_IDENT '=' expr ';'

    TOK_IDENT  shift, and go to state 165


State 146

   28 function: type TOK_IDENT '(' ')' . block

    '{'  shift, and go to state 26
    ';'  shift, and go to state 27

    block    go to state 166
    optstmt  go to state 35


State 147

   31 funcident: '(' type . TOK_IDENT
   32          | '(' type . '[' ']' TOK_IDENT

    TOK_IDENT  shift, and go to state 167
    '['        shift, and go to state 168


State 148

   46 vardecl: type TOK_IDENT '=' expr . ';'
   56 expr: expr . '=' expr
   57     | expr . '+' expr
   58     | expr . '-' expr
   59     | expr . '*' expr
   60     | expr . '/' expr
   61     | expr . '^' expr
   62     | expr . '%' expr
   63     | expr . TOK_GT expr
   64     | expr . TOK_GE expr
   65     | expr . TOK_LT expr
   66     | expr . TOK_LE expr
   67     | expr . TOK_EQ expr
   68     | expr . TOK_NE expr
   86 variable: expr . '[' expr ']'
   87         | expr . TOK_ARROW TOK_IDENT

    TOK_ARROW  shift, and go to state 73
    TOK_EQ     shift, and go to state 74
    TOK_NE     shift, and go to state 75
    TOK_LT     shift, and go to state 76
    TOK_LE     shift, and go to state 77
    TOK_GT     shift, and go to state 78
    TOK_GE     shift, and go to state 79
    '['        shift, and go to state 80
    ';'        shift, and go to state 169
    '='        shift, and go to state 82
    '+'        shift, and go to state 83
    '-'        shift, and go to state 84
    '*'        shift, and go to state 85
    '/'        shift, and go to state 86
    '%'        shift, and go to state 87
    '^'        shift, and go to state 88


State 149

   25 function: type TOK_IDENT funcident ')' . block

    '{'  shift, and go to state 26
    ';'  shift, and go to state 27

    block    go to state 170
    optstmt  go to state 35


State 150

   29 funcident: funcident ',' . type TOK_IDENT
   30          | funcident ',' . type '[' ']' TOK_IDENT

    TOK_VOID    shift, and go to state 5
    TOK_INT     shift, and go to state 6
    TOK_STRING  shift, and go to state 7
    TOK_BOOL    shift, and go to state 8
    TOK_REF     shift, and go to state 9
    TOK_CHAR    shift, and go to state 10
    TOK_ARRAY   shift, and go to state 16
    TOK_PTR     shift, and go to state 18
    TOK_IDENT   shift, and go to state 61

    type       go to state 171
    plaintype  go to state 32


State 151

   26 function: type '[' ']' TOK_IDENT . '(' ')' block
   27         | type '[' ']' TOK_IDENT . funcident ')' block
   47 vardecl: type '[' ']' TOK_IDENT . '=' expr ';'

    '('  shift, and go to state 172
    '='  shift, and go to state 173

    funcident  go to state 174


State 152

   86 variable: expr '[' expr ']' .

    $default  reduce using rule 86 (variable)


State 153

   50 ifelse: TOK_IF '(' expr ')' statement .
   51       | TOK_IF '(' expr ')' statement . dangling

    TOK_ELSE  shift, and go to state 175

    $end           reduce using rule 50 (ifelse)
    $end           [reduce using rule 53 (dangling)]
    error          reduce using rule 50 (ifelse)
    error          [reduce using rule 53 (dangling)]
    TOK_VOID       reduce using rule 50 (ifelse)
    TOK_VOID       [reduce using rule 53 (dangling)]
    TOK_INT        reduce using rule 50 (ifelse)
    TOK_INT        [reduce using rule 53 (dangling)]
    TOK_STRING     reduce using rule 50 (ifelse)
    TOK_STRING     [reduce using rule 53 (dangling)]
    TOK_BOOL       reduce using rule 50 (ifelse)
    TOK_BOOL       [reduce using rule 53 (dangling)]
    TOK_REF        reduce using rule 50 (ifelse)
    TOK_REF        [reduce using rule 53 (dangling)]
    TOK_CHAR       reduce using rule 50 (ifelse)
    TOK_CHAR       [reduce using rule 53 (dangling)]
    TOK_IF         reduce using rule 50 (ifelse)
    TOK_IF         [reduce using rule 53 (dangling)]
    TOK_WHILE      reduce using rule 50 (ifelse)
    TOK_WHILE      [reduce using rule 53 (dangling)]
    TOK_RETURN     reduce using rule 50 (ifelse)
    TOK_RETURN     [reduce using rule 53 (dangling)]
    TOK_STRUCT     reduce using rule 50 (ifelse)
    TOK_STRUCT     [reduce using rule 53 (dangling)]
    TOK_NULLPTR    reduce using rule 50 (ifelse)
    TOK_NULLPTR    [reduce using rule 53 (dangling)]
    TOK_ARRAY      reduce using rule 50 (ifelse)
    TOK_ARRAY      [reduce using rule 53 (dangling)]
    TOK_ALLOC      reduce using rule 50 (ifelse)
    TOK_ALLOC      [reduce using rule 53 (dangling)]
    TOK_PTR        reduce using rule 50 (ifelse)
    TOK_PTR        [reduce using rule 53 (dangling)]
    TOK_NOT        reduce using rule 50 (ifelse)
    TOK_NOT        [reduce using rule 53 (dangling)]
    TOK_IDENT      reduce using rule 50 (ifelse)
    TOK_IDENT      [reduce using rule 53 (dangling)]
    TOK_INTCON     reduce using rule 50 (ifelse)
    TOK_INTCON     [reduce using rule 53 (dangling)]
    TOK_CHARCON    reduce using rule 50 (ifelse)
    TOK_CHARCON    [reduce using rule 53 (dangling)]
    TOK_STRINGCON  reduce using rule 50 (ifelse)
    TOK_STRINGCON  [reduce using rule 53 (dangling)]
    TOK_NEW        reduce using rule 50 (ifelse)
    TOK_NEW        [reduce using rule 53 (dangling)]
    '('            reduce using rule 50 (ifelse)
    '('            [reduce using rule 53 (dangling)]
    '{'            reduce using rule 50 (ifelse)
    '{'            [reduce using rule 53 (dangling)]
    '}'            reduce using rule 50 (ifelse)
    '}'            [reduce using rule 53 (dangling)]
    ';'            reduce using rule 50 (ifelse)
    ';'            [reduce using rule 53 (dangling)]
    '+'            reduce using rule 50 (ifelse)
    '+'            [reduce using rule 53 (dangling)]
    '-'            reduce using rule 50 (ifelse)
    '-'            [reduce using rule 53 (dangling)]
    $default       reduce using rule 50 (ifelse)

    dangling  go to state 176


State 154

   49 while: TOK_WHILE '(' expr ')' statement .

    $default  reduce using rule 49 (while)


State 155

    9 structdef: TOK_STRUCT TOK_IDENT '{' '}' ';' .

    $default  reduce using rule 9 (structdef)


State 156

   13 typeident: '{' type TOK_IDENT . ';'

    ';'  shift, and go to state 177


State 157

   10 structdef: TOK_STRUCT TOK_IDENT typeident '}' ';' .

    $default  reduce using rule 10 (structdef)


State 158

   12 typeident: typeident type TOK_IDENT . ';'

    ';'  shift, and go to state 178


State 159

   78 allocator: TOK_ALLOC TOK_LT TOK_STRING TOK_GT '(' . expr ')'

    TOK_NULLPTR    shift, and go to state 15
    TOK_ALLOC      shift, and go to state 17
    TOK_NOT        shift, and go to state 19
    TOK_IDENT      shift, and go to state 51
    TOK_INTCON     shift, and go to state 21
    TOK_CHARCON    shift, and go to state 22
    TOK_STRINGCON  shift, and go to state 23
    TOK_NEW        shift, and go to state 24
    '('            shift, and go to state 25
    '+'            shift, and go to state 28
    '-'            shift, and go to state 29

    expr       go to state 179
    allocator  go to state 42
    call       go to state 43
    callexpr   go to state 44
    variable   go to state 45
    constant   go to state 46


State 160

   79 allocator: TOK_ALLOC TOK_LT TOK_STRUCT TOK_IDENT TOK_GT . '(' ')'

    '('  shift, and go to state 180


State 161

   80 allocator: TOK_ALLOC TOK_LT TOK_ARRAY TOK_LT plaintype . TOK_GT TOK_GT '(' expr ')'

    TOK_GT  shift, and go to state 181


State 162

   23 plaintype: TOK_PTR TOK_LT TOK_STRUCT TOK_IDENT TOK_GT .

    $default  reduce using rule 23 (plaintype)


State 163

   48 vardecl: TOK_IDENT '[' expr ']' '=' . expr ';'

    TOK_NULLPTR    shift, and go to state 15
    TOK_ALLOC      shift, and go to state 17
    TOK_NOT        shift, and go to state 19
    TOK_IDENT      shift, and go to state 51
    TOK_INTCON     shift, and go to state 21
    TOK_CHARCON    shift, and go to state 22
    TOK_STRINGCON  shift, and go to state 23
    TOK_NEW        shift, and go to state 24
    '('            shift, and go to state 25
    '+'            shift, and go to state 28
    '-'            shift, and go to state 29

    expr       go to state 182
    allocator  go to state 42
    call       go to state 43
    callexpr   go to state 44
    variable   go to state 45
    constant   go to state 46


State 164

   75 expr: TOK_NEW type '[' expr ']' .

    $default  reduce using rule 75 (expr)


State 165

   47 vardecl: type '[' ']' TOK_IDENT . '=' expr ';'

    '='  shift, and go to state 173


State 166

   28 function: type TOK_IDENT '(' ')' block .

    $default  reduce using rule 28 (function)


State 167

   31 funcident: '(' type TOK_IDENT .

    $default  reduce using rule 31 (funcident)


State 168

   32 funcident: '(' type '[' . ']' TOK_IDENT

    ']'  shift, and go to state 183


State 169

   46 vardecl: type TOK_IDENT '=' expr ';' .

    $default  reduce using rule 46 (vardecl)


State 170

   25 function: type TOK_IDENT funcident ')' block .

    $default  reduce using rule 25 (function)


State 171

   29 funcident: funcident ',' type . TOK_IDENT
   30          | funcident ',' type . '[' ']' TOK_IDENT

    TOK_IDENT  shift, and go to state 184
    '['        shift, and go to state 185


State 172

   26 function: type '[' ']' TOK_IDENT '(' . ')' block
   31 funcident: '(' . type TOK_IDENT
   32          | '(' . type '[' ']' TOK_IDENT

    TOK_VOID    shift, and go to state 5
    TOK_INT     shift, and go to state 6
    TOK_STRING  shift, and go to state 7
    TOK_BOOL    shift, and go to state 8
    TOK_REF     shift, and go to state 9
    TOK_CHAR    shift, and go to state 10
    TOK_ARRAY   shift, and go to state 16
    TOK_PTR     shift, and go to state 18
    TOK_IDENT   shift, and go to state 61
    ')'         shift, and go to state 186

    type       go to state 147
    plaintype  go to state 32


State 173

   47 vardecl: type '[' ']' TOK_IDENT '=' . expr ';'

    TOK_NULLPTR    shift, and go to state 15
    TOK_ALLOC      shift, and go to state 17
    TOK_NOT        shift, and go to state 19
    TOK_IDENT      shift, and go to state 51
    TOK_INTCON     shift, and go to state 21
    TOK_CHARCON    shift, and go to state 22
    TOK_STRINGCON  shift, and go to state 23
    TOK_NEW        shift, and go to state 24
    '('            shift, and go to state 25
    '+'            shift, and go to state 28
    '-'            shift, and go to state 29

    expr       go to state 187
    allocator  go to state 42
    call       go to state 43
    callexpr   go to state 44
    variable   go to state 45
    constant   go to state 46


State 174

   27 function: type '[' ']' TOK_IDENT funcident . ')' block
   29 funcident: funcident . ',' type TOK_IDENT
   30          | funcident . ',' type '[' ']' TOK_IDENT

    ')'  shift, and go to state 188
    ','  shift, and go to state 150


State 175

   52 dangling: TOK_ELSE . statement

    TOK_VOID       shift, and go to state 5
    TOK_INT        shift, and go to state 6
    TOK_STRING     shift, and go to state 7
    TOK_BOOL       shift, and go to state 8
    TOK_REF        shift, and go to state 9
    TOK_CHAR       shift, and go to state 10
    TOK_IF         shift, and go to state 11
    TOK_WHILE      shift, and go to state 12
    TOK_RETURN     shift, and go to state 13
    TOK_NULLPTR    shift, and go to state 15
    TOK_ARRAY      shift, and go to state 16
    TOK_ALLOC      shift, and go to state 17
    TOK_PTR        shift, and go to state 18
    TOK_NOT        shift, and go to state 19
    TOK_IDENT      shift, and go to state 20
    TOK_INTCON     shift, and go to state 21
    TOK_CHARCON    shift, and go to state 22
    TOK_STRINGCON  shift, and go to state 23
    TOK_NEW        shift, and go to state 24
    '('            shift, and go to state 25
    '{'            shift, and go to state 26
    ';'            shift, and go to state 27
    '+'            shift, and go to state 28
    '-'            shift, and go to state 29

    type       go to state 65
    plaintype  go to state 32
    block      go to state 34
    optstmt    go to state 35
    statement  go to state 189
    vardecl    go to state 37
    while      go to state 38
    ifelse     go to state 39
    return     go to state 40
    expr       go to state 41
    allocator  go to state 42
    call       go to state 43
    callexpr   go to state 44
    variable   go to state 45
    constant   go to state 46


State 176

   51 ifelse: TOK_IF '(' expr ')' statement dangling .

    $default  reduce using rule 51 (ifelse)


State 177

   13 typeident: '{' type TOK_IDENT ';' .

    $default  reduce using rule 13 (typeident)


State 178

   12 typeident: typeident type TOK_IDENT ';' .

    $default  reduce using rule 12 (typeident)


State 179

   56 expr: expr . '=' expr
   57     | expr . '+' expr
   58     | expr . '-' expr
   59     | expr . '*' expr
   60     | expr . '/' expr
   61     | expr . '^' expr
   62     | expr . '%' expr
   63     | expr . TOK_GT expr
   64     | expr . TOK_GE expr
   65     | expr . TOK_LT expr
   66     | expr . TOK_LE expr
   67     | expr . TOK_EQ expr
   68     | expr . TOK_NE expr
   78 allocator: TOK_ALLOC TOK_LT TOK_STRING TOK_GT '(' expr . ')'
   86 variable: expr . '[' expr ']'
   87         | expr . TOK_ARROW TOK_IDENT

    TOK_ARROW  shift, and go to state 73
    TOK_EQ     shift, and go to state 74
    TOK_NE     shift, and go to state 75
    TOK_LT     shift, and go to state 76
    TOK_LE     shift, and go to state 77
    TOK_GT     shift, and go to state 78
    TOK_GE     shift, and go to state 79
    ')'        shift, and go to state 190
    '['        shift, and go to state 80
    '='        shift, and go to state 82
    '+'        shift, and go to state 83
    '-'        shift, and go to state 84
    '*'        shift, and go to state 85
    '/'        shift, and go to state 86
    '%'        shift, and go to state 87
    '^'        shift, and go to state 88


State 180

   79 allocator: TOK_ALLOC TOK_LT TOK_STRUCT TOK_IDENT TOK_GT '(' . ')'

    ')'  shift, and go to state 191


State 181

   80 allocator: TOK_ALLOC TOK_LT TOK_ARRAY TOK_LT plaintype TOK_GT . TOK_GT '(' expr ')'

    TOK_GT  shift, and go to state 192


State 182

   48 vardecl: TOK_IDENT '[' expr ']' '=' expr . ';'
   56 expr: expr . '=' expr
   57     | expr . '+' expr
   58     | expr . '-' expr
   59     | expr . '*' expr
   60     | expr . '/' expr
   61     | expr . '^' expr
   62     | expr . '%' expr
   63     | expr . TOK_GT expr
   64     | expr . TOK_GE expr
   65     | expr . TOK_LT expr
   66     | expr . TOK_LE expr
   67     | expr . TOK_EQ expr
   68     | expr . TOK_NE expr
   86 variable: expr . '[' expr ']'
   87         | expr . TOK_ARROW TOK_IDENT

    TOK_ARROW  shift, and go to state 73
    TOK_EQ     shift, and go to state 74
    TOK_NE     shift, and go to state 75
    TOK_LT     shift, and go to state 76
    TOK_LE     shift, and go to state 77
    TOK_GT     shift, and go to state 78
    TOK_GE     shift, and go to state 79
    '['        shift, and go to state 80
    ';'        shift, and go to state 193
    '='        shift, and go to state 82
    '+'        shift, and go to state 83
    '-'        shift, and go to state 84
    '*'        shift, and go to state 85
    '/'        shift, and go to state 86
    '%'        shift, and go to state 87
    '^'        shift, and go to state 88


State 183

   32 funcident: '(' type '[' ']' . TOK_IDENT

    TOK_IDENT  shift, and go to state 194


State 184

   29 funcident: funcident ',' type TOK_IDENT .

    $default  reduce using rule 29 (funcident)


State 185

   30 funcident: funcident ',' type '[' . ']' TOK_IDENT

    ']'  shift, and go to state 195


State 186

   26 function: type '[' ']' TOK_IDENT '(' ')' . block

    '{'  shift, and go to state 26
    ';'  shift, and go to state 27

    block    go to state 196
    optstmt  go to state 35


State 187

   47 vardecl: type '[' ']' TOK_IDENT '=' expr . ';'
   56 expr: expr . '=' expr
   57     | expr . '+' expr
   58     | expr . '-' expr
   59     | expr . '*' expr
   60     | expr . '/' expr
   61     | expr . '^' expr
   62     | expr . '%' expr
   63     | expr . TOK_GT expr
   64     | expr . TOK_GE expr
   65     | expr . TOK_LT expr
   66     | expr . TOK_LE expr
   67     | expr . TOK_EQ expr
   68     | expr . TOK_NE expr
   86 variable: expr . '[' expr ']'
   87         | expr . TOK_ARROW TOK_IDENT

    TOK_ARROW  shift, and go to state 73
    TOK_EQ     shift, and go to state 74
    TOK_NE     shift, and go to state 75
    TOK_LT     shift, and go to state 76
    TOK_LE     shift, and go to state 77
    TOK_GT     shift, and go to state 78
    TOK_GE     shift, and go to state 79
    '['        shift, and go to state 80
    ';'        shift, and go to state 197
    '='        shift, and go to state 82
    '+'        shift, and go to state 83
    '-'        shift, and go to state 84
    '*'        shift, and go to state 85
    '/'        shift, and go to state 86
    '%'        shift, and go to state 87
    '^'        shift, and go to state 88


State 188

   27 function: type '[' ']' TOK_IDENT funcident ')' . block

    '{'  shift, and go to state 26
    ';'  shift, and go to state 27

    block    go to state 198
    optstmt  go to state 35


State 189

   52 dangling: TOK_ELSE statement .

    $default  reduce using rule 52 (dangling)


State 190

   78 allocator: TOK_ALLOC TOK_LT TOK_STRING TOK_GT '(' expr ')' .

    $default  reduce using rule 78 (allocator)


State 191

   79 allocator: TOK_ALLOC TOK_LT TOK_STRUCT TOK_IDENT TOK_GT '(' ')' .

    $default  reduce using rule 79 (allocator)


State 192

   80 allocator: TOK_ALLOC TOK_LT TOK_ARRAY TOK_LT plaintype TOK_GT TOK_GT . '(' expr ')'

    '('  shift, and go to state 199


State 193

   48 vardecl: TOK_IDENT '[' expr ']' '=' expr ';' .

    $default  reduce using rule 48 (vardecl)


State 194

   32 funcident: '(' type '[' ']' TOK_IDENT .

    $default  reduce using rule 32 (funcident)


State 195

   30 funcident: funcident ',' type '[' ']' . TOK_IDENT

    TOK_IDENT  shift, and go to state 200


State 196

   26 function: type '[' ']' TOK_IDENT '(' ')' block .

    $default  reduce using rule 26 (function)


State 197

   47 vardecl: type '[' ']' TOK_IDENT '=' expr ';' .

    $default  reduce using rule 47 (vardecl)


State 198

   27 function: type '[' ']' TOK_IDENT funcident ')' block .

    $default  reduce using rule 27 (function)


State 199

   80 allocator: TOK_ALLOC TOK_LT TOK_ARRAY TOK_LT plaintype TOK_GT TOK_GT '(' . expr ')'

    TOK_NULLPTR    shift, and go to state 15
    TOK_ALLOC      shift, and go to state 17
    TOK_NOT        shift, and go to state 19
    TOK_IDENT      shift, and go to state 51
    TOK_INTCON     shift, and go to state 21
    TOK_CHARCON    shift, and go to state 22
    TOK_STRINGCON  shift, and go to state 23
    TOK_NEW        shift, and go to state 24
    '('            shift, and go to state 25
    '+'            shift, and go to state 28
    '-'            shift, and go to state 29

    expr       go to state 201
    allocator  go to state 42
    call       go to state 43
    callexpr   go to state 44
    variable   go to state 45
    constant   go to state 46


State 200

   30 funcident: funcident ',' type '[' ']' TOK_IDENT .

    $default  reduce using rule 30 (funcident)


State 201

   56 expr: expr . '=' expr
   57     | expr . '+' expr
   58     | expr . '-' expr
   59     | expr . '*' expr
   60     | expr . '/' expr
   61     | expr . '^' expr
   62     | expr . '%' expr
   63     | expr . TOK_GT expr
   64     | expr . TOK_GE expr
   65     | expr . TOK_LT expr
   66     | expr . TOK_LE expr
   67     | expr . TOK_EQ expr
   68     | expr . TOK_NE expr
   80 allocator: TOK_ALLOC TOK_LT TOK_ARRAY TOK_LT plaintype TOK_GT TOK_GT '(' expr . ')'
   86 variable: expr . '[' expr ']'
   87         | expr . TOK_ARROW TOK_IDENT

    TOK_ARROW  shift, and go to state 73
    TOK_EQ     shift, and go to state 74
    TOK_NE     shift, and go to state 75
    TOK_LT     shift, and go to state 76
    TOK_LE     shift, and go to state 77
    TOK_GT     shift, and go to state 78
    TOK_GE     shift, and go to state 79
    ')'        shift, and go to state 202
    '['        shift, and go to state 80
    '='        shift, and go to state 82
    '+'        shift, and go to state 83
    '-'        shift, and go to state 84
    '*'        shift, and go to state 85
    '/'        shift, and go to state 86
    '%'        shift, and go to state 87
    '^'        shift, and go to state 88


State 202

   80 allocator: TOK_ALLOC TOK_LT TOK_ARRAY TOK_LT plaintype TOK_GT TOK_GT '(' expr ')' .

    $default  reduce using rule 80 (allocator)
